#
# There is insufficient memory for the Java Runtime Environment to continue.
# Native memory allocation (malloc) failed to allocate 1162496 bytes for Chunk::new
# Possible reasons:
#   The system is out of physical RAM or swap space
#   The process is running with CompressedOops enabled, and the Java Heap may be blocking the growth of the native heap
# Possible solutions:
#   Reduce memory load on the system
#   Increase physical memory or swap space
#   Check if swap backing store is full
#   Decrease Java heap size (-Xmx/-Xms)
#   Decrease number of Java threads
#   Decrease Java thread stack sizes (-Xss)
#   Set larger code cache with -XX:ReservedCodeCacheSize=
#   JVM is running with Unscaled Compressed Oops mode in which the Java heap is
#     placed in the first 4GB address space. The Java Heap base address is the
#     maximum limit for the native heap growth. Please use -XX:HeapBaseMinAddress
#     to set the Java Heap base and to place the Java Heap above 4GB virtual address.
# This output file may be truncated or incomplete.
#
#  Out of Memory Error (arena.cpp:168), pid=33688, tid=13692
#
# JRE version: OpenJDK Runtime Environment (21.0.2+13) (build 21.0.2+13-58)
# Java VM: OpenJDK 64-Bit Server VM (21.0.2+13-58, mixed mode, sharing, tiered, compressed oops, compressed class ptrs, g1 gc, windows-amd64)
# No core dump will be written. Minidumps are not enabled by default on client versions of Windows
#

---------------  S U M M A R Y ------------

Command Line: -Dmaven.multiModuleProjectDirectory=E:\ecomerce-dell-poc -Djansi.passthrough=true -Dmaven.home=C:\Users\hp\.m2\wrapper\dists\apache-maven-3.9.6-bin\439sdfsg2nbdob9ciift5h5nse\apache-maven-3.9.6 -Dclassworlds.conf=C:\Users\hp\.m2\wrapper\dists\apache-maven-3.9.6-bin\439sdfsg2nbdob9ciift5h5nse\apache-maven-3.9.6\bin\m2.conf -javaagent:C:\Program Files\JetBrains\IntelliJ IDEA 2023.3.3\lib\idea_rt.jar=55626:C:\Program Files\JetBrains\IntelliJ IDEA 2023.3.3\bin -Dfile.encoding=UTF-8 -Dsun.stdout.encoding=UTF-8 -Dsun.stderr.encoding=UTF-8 org.codehaus.classworlds.Launcher -Didea.version=2023.3.3 quarkus:dev

Host: Intel(R) Core(TM) i5-8250U CPU @ 1.60GHz, 8 cores, 7G,  Windows 10 , 64 bit Build 19041 (10.0.19041.3636)
Time: Wed Mar  6 13:53:23 2024 India Standard Time elapsed time: 19.407772 seconds (0d 0h 0m 19s)

---------------  T H R E A D  ---------------

Current thread (0x0000011e545f3f30):  JavaThread "C2 CompilerThread0" daemon [_thread_in_native, id=13692, stack(0x0000000791900000,0x0000000791a00000) (1024K)]


Current CompileTask:
C2:  19407 6888       4       org.codehaus.plexus.classworlds.realm.ClassRealm::loadClass (7 bytes)

Stack: [0x0000000791900000,0x0000000791a00000]
Native frames: (J=compiled Java code, j=interpreted, Vv=VM code, C=native code)
V  [jvm.dll+0x6cade9]
V  [jvm.dll+0x8569c1]
V  [jvm.dll+0x858d2e]
V  [jvm.dll+0x859413]
V  [jvm.dll+0x280e56]
V  [jvm.dll+0xc3f3d]
V  [jvm.dll+0xc4473]
V  [jvm.dll+0x2f437f]
V  [jvm.dll+0x5f5056]
V  [jvm.dll+0x252d7f]
V  [jvm.dll+0x24b6d6]
V  [jvm.dll+0x2490a3]
V  [jvm.dll+0x1c9634]
V  [jvm.dll+0x258859]
V  [jvm.dll+0x256e3a]
V  [jvm.dll+0x3ef6c6]
V  [jvm.dll+0x7ff568]
V  [jvm.dll+0x6c953d]
C  [ucrtbase.dll+0x21bb2]
C  [KERNEL32.DLL+0x17344]
C  [ntdll.dll+0x526b1]


---------------  P R O C E S S  ---------------

Threads class SMR info:
_java_thread_list=0x0000011e9b94f020, length=13, elements={
0x0000011e35b61f60, 0x0000011e545ea2b0, 0x0000011e545eb1d0, 0x0000011e545eeef0,
0x0000011e545f1ce0, 0x0000011e545f2740, 0x0000011e545f31a0, 0x0000011e545f3f30,
0x0000011e54628cb0, 0x0000011e545b3280, 0x0000011e54982e10, 0x0000011e54985830,
0x0000011e9a462770
}

Java Threads: ( => current thread )
  0x0000011e35b61f60 JavaThread "main"                              [_thread_in_native, id=3896, stack(0x0000000790b00000,0x0000000790c00000) (1024K)]
  0x0000011e545ea2b0 JavaThread "Reference Handler"          daemon [_thread_blocked, id=17476, stack(0x0000000791300000,0x0000000791400000) (1024K)]
  0x0000011e545eb1d0 JavaThread "Finalizer"                  daemon [_thread_blocked, id=4128, stack(0x0000000791400000,0x0000000791500000) (1024K)]
  0x0000011e545eeef0 JavaThread "Signal Dispatcher"          daemon [_thread_blocked, id=20280, stack(0x0000000791500000,0x0000000791600000) (1024K)]
  0x0000011e545f1ce0 JavaThread "Attach Listener"            daemon [_thread_blocked, id=30284, stack(0x0000000791600000,0x0000000791700000) (1024K)]
  0x0000011e545f2740 JavaThread "Service Thread"             daemon [_thread_blocked, id=16832, stack(0x0000000791700000,0x0000000791800000) (1024K)]
  0x0000011e545f31a0 JavaThread "Monitor Deflation Thread"   daemon [_thread_blocked, id=23924, stack(0x0000000791800000,0x0000000791900000) (1024K)]
=>0x0000011e545f3f30 JavaThread "C2 CompilerThread0"         daemon [_thread_in_native, id=13692, stack(0x0000000791900000,0x0000000791a00000) (1024K)]
  0x0000011e54628cb0 JavaThread "C1 CompilerThread0"         daemon [_thread_blocked, id=5240, stack(0x0000000791a00000,0x0000000791b00000) (1024K)]
  0x0000011e545b3280 JavaThread "Common-Cleaner"             daemon [_thread_blocked, id=28940, stack(0x0000000791b00000,0x0000000791c00000) (1024K)]
  0x0000011e54982e10 JavaThread "Monitor Ctrl-Break"         daemon [_thread_in_native, id=14600, stack(0x0000000791c00000,0x0000000791d00000) (1024K)]
  0x0000011e54985830 JavaThread "Notification Thread"        daemon [_thread_blocked, id=22136, stack(0x0000000791d00000,0x0000000791e00000) (1024K)]
  0x0000011e9a462770 JavaThread "C2 CompilerThread1"         daemon [_thread_blocked, id=21888, stack(0x0000000791e00000,0x0000000791f00000) (1024K)]
Total: 13

Other Threads:
  0x0000011e545ca0b0 VMThread "VM Thread"                           [id=27324, stack(0x0000000791200000,0x0000000791300000) (1024K)]
  0x0000011e545b26a0 WatcherThread "VM Periodic Task Thread"        [id=31548, stack(0x0000000791100000,0x0000000791200000) (1024K)]
  0x0000011e35d160a0 WorkerThread "GC Thread#0"                     [id=15296, stack(0x0000000790c00000,0x0000000790d00000) (1024K)]
  0x0000011e9a7fe740 WorkerThread "GC Thread#1"                     [id=13620, stack(0x0000000791f00000,0x0000000792000000) (1024K)]
  0x0000011e9a7feae0 WorkerThread "GC Thread#2"                     [id=35092, stack(0x0000000792000000,0x0000000792100000) (1024K)]
  0x0000011e9a9a4990 WorkerThread "GC Thread#3"                     [id=34084, stack(0x0000000792100000,0x0000000792200000) (1024K)]
  0x0000011e9a9a4d30 WorkerThread "GC Thread#4"                     [id=10120, stack(0x0000000792200000,0x0000000792300000) (1024K)]
  0x0000011e9a9a50d0 WorkerThread "GC Thread#5"                     [id=30288, stack(0x0000000792300000,0x0000000792400000) (1024K)]
  0x0000011e9a9a9ca0 WorkerThread "GC Thread#6"                     [id=11004, stack(0x0000000792400000,0x0000000792500000) (1024K)]
  0x0000011e9a9b2e70 WorkerThread "GC Thread#7"                     [id=18116, stack(0x0000000792500000,0x0000000792600000) (1024K)]
  0x0000011e35c2df20 ConcurrentGCThread "G1 Main Marker"            [id=33636, stack(0x0000000790d00000,0x0000000790e00000) (1024K)]
  0x0000011e35c2ea20 WorkerThread "G1 Conc#0"                       [id=32152, stack(0x0000000790e00000,0x0000000790f00000) (1024K)]
  0x0000011e9b5ac040 WorkerThread "G1 Conc#1"                       [id=732, stack(0x0000000792600000,0x0000000792700000) (1024K)]
  0x0000011e544770e0 ConcurrentGCThread "G1 Refine#0"               [id=28792, stack(0x0000000790f00000,0x0000000791000000) (1024K)]
  0x0000011e54477b60 ConcurrentGCThread "G1 Service"                [id=25224, stack(0x0000000791000000,0x0000000791100000) (1024K)]
Total: 15

Threads with active compile tasks:
C2 CompilerThread0    19540 6888       4       org.codehaus.plexus.classworlds.realm.ClassRealm::loadClass (7 bytes)
Total: 1

VM state: not at safepoint (normal execution)

VM Mutex/Monitor currently owned by a thread: None

Heap address: 0x0000000081400000, size: 2028 MB, Compressed Oops mode: 32-bit

CDS archive(s) mapped at: [0x0000011e55000000-0x0000011e55c90000-0x0000011e55c90000), size 13172736, SharedBaseAddress: 0x0000011e55000000, ArchiveRelocationMode: 1.
Compressed class space mapped at: 0x0000011e56000000-0x0000011e96000000, reserved size: 1073741824
Narrow klass base: 0x0000011e55000000, Narrow klass shift: 0, Narrow klass range: 0x100000000

GC Precious Log:
 CardTable entry size: 512
 Card Set container configuration: InlinePtr #cards 5 size 8 Array Of Cards #cards 12 size 40 Howl #buckets 4 coarsen threshold 1843 Howl Bitmap #cards 512 size 80 coarsen threshold 460 Card regions per heap region 1 cards per card region 2048
 CPUs: 8 total, 8 available
 Memory: 8108M
 Large Page Support: Disabled
 NUMA Support: Disabled
 Compressed Oops: Enabled (32-bit)
 Heap Region Size: 1M
 Heap Min Capacity: 8M
 Heap Initial Capacity: 128M
 Heap Max Capacity: 2028M
 Pre-touch: Disabled
 Parallel Workers: 8
 Concurrent Workers: 2
 Concurrent Refinement Workers: 8
 Periodic GC: Disabled

Heap:
 garbage-first heap   total 215040K, used 102360K [0x0000000081400000, 0x0000000100000000)
  region size 1024K, 12 young (12288K), 8 survivors (8192K)
 Metaspace       used 25626K, committed 26112K, reserved 1114112K
  class space    used 2717K, committed 2944K, reserved 1048576K

Heap Regions: E=young(eden), S=young(survivor), O=old, HS=humongous(starts), HC=humongous(continues), CS=collection set, F=free, TAMS=top-at-mark-start, PB=parsable bottom
|   0|0x0000000081400000, 0x0000000081500000, 0x0000000081500000|100%| O|  |TAMS 0x0000000081400000| PB 0x0000000081400000| Untracked 
|   1|0x0000000081500000, 0x0000000081600000, 0x0000000081600000|100%| O|  |TAMS 0x0000000081500000| PB 0x0000000081500000| Untracked 
|   2|0x0000000081600000, 0x0000000081700000, 0x0000000081700000|100%| O|  |TAMS 0x0000000081600000| PB 0x0000000081600000| Untracked 
|   3|0x0000000081700000, 0x0000000081800000, 0x0000000081800000|100%| O|  |TAMS 0x0000000081700000| PB 0x0000000081700000| Untracked 
|   4|0x0000000081800000, 0x0000000081900000, 0x0000000081900000|100%| O|  |TAMS 0x0000000081800000| PB 0x0000000081800000| Untracked 
|   5|0x0000000081900000, 0x0000000081a00000, 0x0000000081a00000|100%| O|  |TAMS 0x0000000081900000| PB 0x0000000081900000| Untracked 
|   6|0x0000000081a00000, 0x0000000081b00000, 0x0000000081b00000|100%| O|  |TAMS 0x0000000081a00000| PB 0x0000000081a00000| Untracked 
|   7|0x0000000081b00000, 0x0000000081c00000, 0x0000000081c00000|100%| O|  |TAMS 0x0000000081b00000| PB 0x0000000081b00000| Untracked 
|   8|0x0000000081c00000, 0x0000000081d00000, 0x0000000081d00000|100%| O|  |TAMS 0x0000000081c00000| PB 0x0000000081c00000| Untracked 
|   9|0x0000000081d00000, 0x0000000081e00000, 0x0000000081e00000|100%| O|  |TAMS 0x0000000081d00000| PB 0x0000000081d00000| Untracked 
|  10|0x0000000081e00000, 0x0000000081f00000, 0x0000000081f00000|100%| O|  |TAMS 0x0000000081e00000| PB 0x0000000081e00000| Untracked 
|  11|0x0000000081f00000, 0x0000000082000000, 0x0000000082000000|100%| O|  |TAMS 0x0000000081f00000| PB 0x0000000081f00000| Untracked 
|  12|0x0000000082000000, 0x0000000082100000, 0x0000000082100000|100%| O|  |TAMS 0x0000000082000000| PB 0x0000000082000000| Untracked 
|  13|0x0000000082100000, 0x0000000082200000, 0x0000000082200000|100%| O|  |TAMS 0x0000000082100000| PB 0x0000000082100000| Untracked 
|  14|0x0000000082200000, 0x0000000082300000, 0x0000000082300000|100%| O|  |TAMS 0x0000000082200000| PB 0x0000000082200000| Untracked 
|  15|0x0000000082300000, 0x0000000082400000, 0x0000000082400000|100%| O|  |TAMS 0x0000000082300000| PB 0x0000000082300000| Untracked 
|  16|0x0000000082400000, 0x0000000082500000, 0x0000000082500000|100%| O|  |TAMS 0x0000000082400000| PB 0x0000000082400000| Untracked 
|  17|0x0000000082500000, 0x0000000082600000, 0x0000000082600000|100%| O|  |TAMS 0x0000000082500000| PB 0x0000000082500000| Untracked 
|  18|0x0000000082600000, 0x0000000082700000, 0x0000000082700000|100%| O|  |TAMS 0x0000000082600000| PB 0x0000000082600000| Untracked 
|  19|0x0000000082700000, 0x0000000082800000, 0x0000000082800000|100%| O|  |TAMS 0x0000000082700000| PB 0x0000000082700000| Untracked 
|  20|0x0000000082800000, 0x0000000082900000, 0x0000000082900000|100%| O|  |TAMS 0x0000000082800000| PB 0x0000000082800000| Untracked 
|  21|0x0000000082900000, 0x0000000082900000, 0x0000000082a00000|  0%| F|  |TAMS 0x0000000082900000| PB 0x0000000082900000| Untracked 
|  22|0x0000000082a00000, 0x0000000082b00000, 0x0000000082b00000|100%| O|  |TAMS 0x0000000082a00000| PB 0x0000000082a00000| Untracked 
|  23|0x0000000082b00000, 0x0000000082c00000, 0x0000000082c00000|100%| O|  |TAMS 0x0000000082b00000| PB 0x0000000082b00000| Untracked 
|  24|0x0000000082c00000, 0x0000000082d00000, 0x0000000082d00000|100%| O|  |TAMS 0x0000000082c00000| PB 0x0000000082c00000| Untracked 
|  25|0x0000000082d00000, 0x0000000082e00000, 0x0000000082e00000|100%| O|  |TAMS 0x0000000082d00000| PB 0x0000000082d00000| Untracked 
|  26|0x0000000082e00000, 0x0000000082f00000, 0x0000000082f00000|100%| O|  |TAMS 0x0000000082e00000| PB 0x0000000082e00000| Untracked 
|  27|0x0000000082f00000, 0x0000000083000000, 0x0000000083000000|100%| O|  |TAMS 0x0000000082f00000| PB 0x0000000082f00000| Untracked 
|  28|0x0000000083000000, 0x0000000083100000, 0x0000000083100000|100%| O|  |TAMS 0x0000000083000000| PB 0x0000000083000000| Untracked 
|  29|0x0000000083100000, 0x0000000083200000, 0x0000000083200000|100%| O|  |TAMS 0x0000000083100000| PB 0x0000000083100000| Untracked 
|  30|0x0000000083200000, 0x0000000083300000, 0x0000000083300000|100%| O|  |TAMS 0x0000000083200000| PB 0x0000000083200000| Untracked 
|  31|0x0000000083300000, 0x0000000083400000, 0x0000000083400000|100%| O|  |TAMS 0x0000000083300000| PB 0x0000000083300000| Untracked 
|  32|0x0000000083400000, 0x0000000083500000, 0x0000000083500000|100%| O|  |TAMS 0x0000000083400000| PB 0x0000000083400000| Untracked 
|  33|0x0000000083500000, 0x0000000083600000, 0x0000000083600000|100%| O|  |TAMS 0x0000000083500000| PB 0x0000000083500000| Untracked 
|  34|0x0000000083600000, 0x0000000083700000, 0x0000000083700000|100%| O|  |TAMS 0x0000000083600000| PB 0x0000000083600000| Untracked 
|  35|0x0000000083700000, 0x0000000083800000, 0x0000000083800000|100%| O|  |TAMS 0x0000000083700000| PB 0x0000000083700000| Untracked 
|  36|0x0000000083800000, 0x0000000083900000, 0x0000000083900000|100%| O|  |TAMS 0x0000000083800000| PB 0x0000000083800000| Untracked 
|  37|0x0000000083900000, 0x0000000083a00000, 0x0000000083a00000|100%| O|  |TAMS 0x0000000083900000| PB 0x0000000083900000| Untracked 
|  38|0x0000000083a00000, 0x0000000083b00000, 0x0000000083b00000|100%| O|  |TAMS 0x0000000083a00000| PB 0x0000000083a00000| Untracked 
|  39|0x0000000083b00000, 0x0000000083c00000, 0x0000000083c00000|100%| O|  |TAMS 0x0000000083b00000| PB 0x0000000083b00000| Untracked 
|  40|0x0000000083c00000, 0x0000000083d00000, 0x0000000083d00000|100%| O|  |TAMS 0x0000000083c00000| PB 0x0000000083c00000| Untracked 
|  41|0x0000000083d00000, 0x0000000083d00000, 0x0000000083e00000|  0%| F|  |TAMS 0x0000000083d00000| PB 0x0000000083d00000| Untracked 
|  42|0x0000000083e00000, 0x0000000083e00000, 0x0000000083f00000|  0%| F|  |TAMS 0x0000000083e00000| PB 0x0000000083e00000| Untracked 
|  43|0x0000000083f00000, 0x0000000084000000, 0x0000000084000000|100%| O|  |TAMS 0x0000000083f00000| PB 0x0000000083f00000| Untracked 
|  44|0x0000000084000000, 0x0000000084100000, 0x0000000084100000|100%| O|  |TAMS 0x0000000084000000| PB 0x0000000084000000| Untracked 
|  45|0x0000000084100000, 0x0000000084200000, 0x0000000084200000|100%| O|  |TAMS 0x0000000084100000| PB 0x0000000084100000| Untracked 
|  46|0x0000000084200000, 0x0000000084300000, 0x0000000084300000|100%| O|  |TAMS 0x0000000084200000| PB 0x0000000084200000| Untracked 
|  47|0x0000000084300000, 0x0000000084400000, 0x0000000084400000|100%| O|  |TAMS 0x0000000084300000| PB 0x0000000084300000| Untracked 
|  48|0x0000000084400000, 0x0000000084500000, 0x0000000084500000|100%| O|  |TAMS 0x0000000084400000| PB 0x0000000084400000| Untracked 
|  49|0x0000000084500000, 0x0000000084600000, 0x0000000084600000|100%| O|  |TAMS 0x0000000084500000| PB 0x0000000084500000| Untracked 
|  50|0x0000000084600000, 0x0000000084700000, 0x0000000084700000|100%| O|  |TAMS 0x0000000084600000| PB 0x0000000084600000| Untracked 
|  51|0x0000000084700000, 0x0000000084800000, 0x0000000084800000|100%| O|  |TAMS 0x0000000084700000| PB 0x0000000084700000| Untracked 
|  52|0x0000000084800000, 0x0000000084800000, 0x0000000084900000|  0%| F|  |TAMS 0x0000000084800000| PB 0x0000000084800000| Untracked 
|  53|0x0000000084900000, 0x0000000084900000, 0x0000000084a00000|  0%| F|  |TAMS 0x0000000084900000| PB 0x0000000084900000| Untracked 
|  54|0x0000000084a00000, 0x0000000084b00000, 0x0000000084b00000|100%| O|  |TAMS 0x0000000084a00000| PB 0x0000000084a00000| Untracked 
|  55|0x0000000084b00000, 0x0000000084c00000, 0x0000000084c00000|100%| O|  |TAMS 0x0000000084b00000| PB 0x0000000084b00000| Untracked 
|  56|0x0000000084c00000, 0x0000000084c00000, 0x0000000084d00000|  0%| F|  |TAMS 0x0000000084c00000| PB 0x0000000084c00000| Untracked 
|  57|0x0000000084d00000, 0x0000000084e00000, 0x0000000084e00000|100%| O|  |TAMS 0x0000000084d00000| PB 0x0000000084d00000| Untracked 
|  58|0x0000000084e00000, 0x0000000084f00000, 0x0000000084f00000|100%| O|  |TAMS 0x0000000084e00000| PB 0x0000000084e00000| Untracked 
|  59|0x0000000084f00000, 0x0000000084f00000, 0x0000000085000000|  0%| F|  |TAMS 0x0000000084f00000| PB 0x0000000084f00000| Untracked 
|  60|0x0000000085000000, 0x0000000085100000, 0x0000000085100000|100%| O|  |TAMS 0x0000000085000000| PB 0x0000000085000000| Untracked 
|  61|0x0000000085100000, 0x0000000085100000, 0x0000000085200000|  0%| F|  |TAMS 0x0000000085100000| PB 0x0000000085100000| Untracked 
|  62|0x0000000085200000, 0x0000000085300000, 0x0000000085300000|100%| O|  |TAMS 0x0000000085200000| PB 0x0000000085200000| Untracked 
|  63|0x0000000085300000, 0x0000000085400000, 0x0000000085400000|100%|HS|  |TAMS 0x0000000085300000| PB 0x0000000085300000| Complete 
|  64|0x0000000085400000, 0x0000000085500000, 0x0000000085500000|100%|HC|  |TAMS 0x0000000085400000| PB 0x0000000085400000| Complete 
|  65|0x0000000085500000, 0x0000000085600000, 0x0000000085600000|100%| O|  |TAMS 0x0000000085500000| PB 0x0000000085500000| Untracked 
|  66|0x0000000085600000, 0x0000000085700000, 0x0000000085700000|100%| O|  |TAMS 0x0000000085600000| PB 0x0000000085600000| Untracked 
|  67|0x0000000085700000, 0x0000000085800000, 0x0000000085800000|100%| O|  |TAMS 0x0000000085700000| PB 0x0000000085700000| Untracked 
|  68|0x0000000085800000, 0x0000000085900000, 0x0000000085900000|100%| O|  |TAMS 0x0000000085800000| PB 0x0000000085800000| Untracked 
|  69|0x0000000085900000, 0x0000000085a00000, 0x0000000085a00000|100%| O|  |TAMS 0x0000000085900000| PB 0x0000000085900000| Untracked 
|  70|0x0000000085a00000, 0x0000000085a00000, 0x0000000085b00000|  0%| F|  |TAMS 0x0000000085a00000| PB 0x0000000085a00000| Untracked 
|  71|0x0000000085b00000, 0x0000000085b00000, 0x0000000085c00000|  0%| F|  |TAMS 0x0000000085b00000| PB 0x0000000085b00000| Untracked 
|  72|0x0000000085c00000, 0x0000000085c00000, 0x0000000085d00000|  0%| F|  |TAMS 0x0000000085c00000| PB 0x0000000085c00000| Untracked 
|  73|0x0000000085d00000, 0x0000000085e00000, 0x0000000085e00000|100%| O|  |TAMS 0x0000000085d00000| PB 0x0000000085d00000| Untracked 
|  74|0x0000000085e00000, 0x0000000085f00000, 0x0000000085f00000|100%| O|  |TAMS 0x0000000085e00000| PB 0x0000000085e00000| Untracked 
|  75|0x0000000085f00000, 0x0000000086000000, 0x0000000086000000|100%| O|  |TAMS 0x0000000085f00000| PB 0x0000000085f00000| Untracked 
|  76|0x0000000086000000, 0x0000000086100000, 0x0000000086100000|100%| O|  |TAMS 0x0000000086000000| PB 0x0000000086000000| Untracked 
|  77|0x0000000086100000, 0x0000000086200000, 0x0000000086200000|100%| O|  |TAMS 0x0000000086100000| PB 0x0000000086100000| Untracked 
|  78|0x0000000086200000, 0x0000000086300000, 0x0000000086300000|100%| O|  |TAMS 0x0000000086200000| PB 0x0000000086200000| Untracked 
|  79|0x0000000086300000, 0x0000000086400000, 0x0000000086400000|100%| O|  |TAMS 0x0000000086300000| PB 0x0000000086300000| Untracked 
|  80|0x0000000086400000, 0x0000000086500000, 0x0000000086500000|100%| O|  |TAMS 0x0000000086400000| PB 0x0000000086400000| Untracked 
|  81|0x0000000086500000, 0x0000000086600000, 0x0000000086600000|100%| O|  |TAMS 0x0000000086500000| PB 0x0000000086500000| Untracked 
|  82|0x0000000086600000, 0x0000000086700000, 0x0000000086700000|100%| O|  |TAMS 0x0000000086600000| PB 0x0000000086600000| Untracked 
|  83|0x0000000086700000, 0x0000000086700000, 0x0000000086800000|  0%| F|  |TAMS 0x0000000086700000| PB 0x0000000086700000| Untracked 
|  84|0x0000000086800000, 0x0000000086900000, 0x0000000086900000|100%| O|  |TAMS 0x0000000086800000| PB 0x0000000086800000| Untracked 
|  85|0x0000000086900000, 0x0000000086a00000, 0x0000000086a00000|100%| O|  |TAMS 0x0000000086900000| PB 0x0000000086900000| Untracked 
|  86|0x0000000086a00000, 0x0000000086b00000, 0x0000000086b00000|100%| O|  |TAMS 0x0000000086a00000| PB 0x0000000086a00000| Untracked 
|  87|0x0000000086b00000, 0x0000000086b00000, 0x0000000086c00000|  0%| F|  |TAMS 0x0000000086b00000| PB 0x0000000086b00000| Untracked 
|  88|0x0000000086c00000, 0x0000000086d00000, 0x0000000086d00000|100%| O|  |TAMS 0x0000000086c00000| PB 0x0000000086c00000| Untracked 
|  89|0x0000000086d00000, 0x0000000086e00000, 0x0000000086e00000|100%| O|  |TAMS 0x0000000086d00000| PB 0x0000000086d00000| Untracked 
|  90|0x0000000086e00000, 0x0000000086f00000, 0x0000000086f00000|100%| O|  |TAMS 0x0000000086e00000| PB 0x0000000086e00000| Untracked 
|  91|0x0000000086f00000, 0x0000000087000000, 0x0000000087000000|100%| O|  |TAMS 0x0000000086f00000| PB 0x0000000086f00000| Untracked 
|  92|0x0000000087000000, 0x0000000087100000, 0x0000000087100000|100%| O|  |TAMS 0x0000000087000000| PB 0x0000000087000000| Untracked 
|  93|0x0000000087100000, 0x0000000087200000, 0x0000000087200000|100%| O|  |TAMS 0x0000000087100000| PB 0x0000000087100000| Untracked 
|  94|0x0000000087200000, 0x0000000087300000, 0x0000000087300000|100%| O|  |TAMS 0x0000000087200000| PB 0x0000000087200000| Untracked 
|  95|0x0000000087300000, 0x0000000087400000, 0x0000000087400000|100%| O|  |TAMS 0x0000000087300000| PB 0x0000000087300000| Untracked 
|  96|0x0000000087400000, 0x0000000087500000, 0x0000000087500000|100%| O|  |TAMS 0x0000000087400000| PB 0x0000000087400000| Untracked 
|  97|0x0000000087500000, 0x0000000087600000, 0x0000000087600000|100%| O|  |TAMS 0x0000000087500000| PB 0x0000000087500000| Untracked 
|  98|0x0000000087600000, 0x0000000087700000, 0x0000000087700000|100%| O|  |TAMS 0x0000000087600000| PB 0x0000000087600000| Untracked 
|  99|0x0000000087700000, 0x0000000087800000, 0x0000000087800000|100%| O|  |TAMS 0x0000000087700000| PB 0x0000000087700000| Untracked 
| 100|0x0000000087800000, 0x0000000087900000, 0x0000000087900000|100%| O|  |TAMS 0x0000000087800000| PB 0x0000000087800000| Untracked 
| 101|0x0000000087900000, 0x0000000087a00000, 0x0000000087a00000|100%| O|  |TAMS 0x0000000087900000| PB 0x0000000087900000| Untracked 
| 102|0x0000000087a00000, 0x0000000087a45250, 0x0000000087b00000| 27%| O|  |TAMS 0x0000000087a00000| PB 0x0000000087a00000| Untracked 
| 103|0x0000000087b00000, 0x0000000087b00000, 0x0000000087c00000|  0%| F|  |TAMS 0x0000000087b00000| PB 0x0000000087b00000| Untracked 
| 104|0x0000000087c00000, 0x0000000087c00000, 0x0000000087d00000|  0%| F|  |TAMS 0x0000000087c00000| PB 0x0000000087c00000| Untracked 
| 105|0x0000000087d00000, 0x0000000087d00000, 0x0000000087e00000|  0%| F|  |TAMS 0x0000000087d00000| PB 0x0000000087d00000| Untracked 
| 106|0x0000000087e00000, 0x0000000087e00000, 0x0000000087f00000|  0%| F|  |TAMS 0x0000000087e00000| PB 0x0000000087e00000| Untracked 
| 107|0x0000000087f00000, 0x0000000087f00000, 0x0000000088000000|  0%| F|  |TAMS 0x0000000087f00000| PB 0x0000000087f00000| Untracked 
| 108|0x0000000088000000, 0x0000000088000000, 0x0000000088100000|  0%| F|  |TAMS 0x0000000088000000| PB 0x0000000088000000| Untracked 
| 109|0x0000000088100000, 0x0000000088100000, 0x0000000088200000|  0%| F|  |TAMS 0x0000000088100000| PB 0x0000000088100000| Untracked 
| 110|0x0000000088200000, 0x0000000088200000, 0x0000000088300000|  0%| F|  |TAMS 0x0000000088200000| PB 0x0000000088200000| Untracked 
| 111|0x0000000088300000, 0x0000000088300000, 0x0000000088400000|  0%| F|  |TAMS 0x0000000088300000| PB 0x0000000088300000| Untracked 
| 112|0x0000000088400000, 0x0000000088400000, 0x0000000088500000|  0%| F|  |TAMS 0x0000000088400000| PB 0x0000000088400000| Untracked 
| 113|0x0000000088500000, 0x0000000088500000, 0x0000000088600000|  0%| F|  |TAMS 0x0000000088500000| PB 0x0000000088500000| Untracked 
| 114|0x0000000088600000, 0x0000000088600000, 0x0000000088700000|  0%| F|  |TAMS 0x0000000088600000| PB 0x0000000088600000| Untracked 
| 115|0x0000000088700000, 0x0000000088700000, 0x0000000088800000|  0%| F|  |TAMS 0x0000000088700000| PB 0x0000000088700000| Untracked 
| 116|0x0000000088800000, 0x0000000088800000, 0x0000000088900000|  0%| F|  |TAMS 0x0000000088800000| PB 0x0000000088800000| Untracked 
| 117|0x0000000088900000, 0x0000000088900000, 0x0000000088a00000|  0%| F|  |TAMS 0x0000000088900000| PB 0x0000000088900000| Untracked 
| 118|0x0000000088a00000, 0x0000000088a00000, 0x0000000088b00000|  0%| F|  |TAMS 0x0000000088a00000| PB 0x0000000088a00000| Untracked 
| 119|0x0000000088b00000, 0x0000000088b00000, 0x0000000088c00000|  0%| F|  |TAMS 0x0000000088b00000| PB 0x0000000088b00000| Untracked 
| 120|0x0000000088c00000, 0x0000000088c00000, 0x0000000088d00000|  0%| F|  |TAMS 0x0000000088c00000| PB 0x0000000088c00000| Untracked 
| 121|0x0000000088d00000, 0x0000000088d00000, 0x0000000088e00000|  0%| F|  |TAMS 0x0000000088d00000| PB 0x0000000088d00000| Untracked 
| 122|0x0000000088e00000, 0x0000000088e00000, 0x0000000088f00000|  0%| F|  |TAMS 0x0000000088e00000| PB 0x0000000088e00000| Untracked 
| 123|0x0000000088f00000, 0x0000000088f00000, 0x0000000089000000|  0%| F|  |TAMS 0x0000000088f00000| PB 0x0000000088f00000| Untracked 
| 124|0x0000000089000000, 0x0000000089000000, 0x0000000089100000|  0%| F|  |TAMS 0x0000000089000000| PB 0x0000000089000000| Untracked 
| 125|0x0000000089100000, 0x0000000089100000, 0x0000000089200000|  0%| F|  |TAMS 0x0000000089100000| PB 0x0000000089100000| Untracked 
| 126|0x0000000089200000, 0x0000000089200000, 0x0000000089300000|  0%| F|  |TAMS 0x0000000089200000| PB 0x0000000089200000| Untracked 
| 127|0x0000000089300000, 0x00000000893b1060, 0x0000000089400000| 69%| S|CS|TAMS 0x0000000089300000| PB 0x0000000089300000| Complete 
| 128|0x0000000089400000, 0x0000000089500000, 0x0000000089500000|100%| S|CS|TAMS 0x0000000089400000| PB 0x0000000089400000| Complete 
| 129|0x0000000089500000, 0x0000000089600000, 0x0000000089600000|100%| S|CS|TAMS 0x0000000089500000| PB 0x0000000089500000| Complete 
| 130|0x0000000089600000, 0x0000000089700000, 0x0000000089700000|100%| S|CS|TAMS 0x0000000089600000| PB 0x0000000089600000| Complete 
| 131|0x0000000089700000, 0x0000000089800000, 0x0000000089800000|100%| S|CS|TAMS 0x0000000089700000| PB 0x0000000089700000| Complete 
| 132|0x0000000089800000, 0x0000000089900000, 0x0000000089900000|100%| S|CS|TAMS 0x0000000089800000| PB 0x0000000089800000| Complete 
| 133|0x0000000089900000, 0x0000000089a00000, 0x0000000089a00000|100%| S|CS|TAMS 0x0000000089900000| PB 0x0000000089900000| Complete 
| 134|0x0000000089a00000, 0x0000000089b00000, 0x0000000089b00000|100%| S|CS|TAMS 0x0000000089a00000| PB 0x0000000089a00000| Complete 
| 135|0x0000000089b00000, 0x0000000089b00000, 0x0000000089c00000|  0%| F|  |TAMS 0x0000000089b00000| PB 0x0000000089b00000| Untracked 
| 136|0x0000000089c00000, 0x0000000089c00000, 0x0000000089d00000|  0%| F|  |TAMS 0x0000000089c00000| PB 0x0000000089c00000| Untracked 
| 137|0x0000000089d00000, 0x0000000089d00000, 0x0000000089e00000|  0%| F|  |TAMS 0x0000000089d00000| PB 0x0000000089d00000| Untracked 
| 138|0x0000000089e00000, 0x0000000089e00000, 0x0000000089f00000|  0%| F|  |TAMS 0x0000000089e00000| PB 0x0000000089e00000| Untracked 
| 139|0x0000000089f00000, 0x0000000089f00000, 0x000000008a000000|  0%| F|  |TAMS 0x0000000089f00000| PB 0x0000000089f00000| Untracked 
| 140|0x000000008a000000, 0x000000008a000000, 0x000000008a100000|  0%| F|  |TAMS 0x000000008a000000| PB 0x000000008a000000| Untracked 
| 141|0x000000008a100000, 0x000000008a100000, 0x000000008a200000|  0%| F|  |TAMS 0x000000008a100000| PB 0x000000008a100000| Untracked 
| 142|0x000000008a200000, 0x000000008a200000, 0x000000008a300000|  0%| F|  |TAMS 0x000000008a200000| PB 0x000000008a200000| Untracked 
| 143|0x000000008a300000, 0x000000008a300000, 0x000000008a400000|  0%| F|  |TAMS 0x000000008a300000| PB 0x000000008a300000| Untracked 
| 144|0x000000008a400000, 0x000000008a400000, 0x000000008a500000|  0%| F|  |TAMS 0x000000008a400000| PB 0x000000008a400000| Untracked 
| 145|0x000000008a500000, 0x000000008a500000, 0x000000008a600000|  0%| F|  |TAMS 0x000000008a500000| PB 0x000000008a500000| Untracked 
| 146|0x000000008a600000, 0x000000008a600000, 0x000000008a700000|  0%| F|  |TAMS 0x000000008a600000| PB 0x000000008a600000| Untracked 
| 147|0x000000008a700000, 0x000000008a700000, 0x000000008a800000|  0%| F|  |TAMS 0x000000008a700000| PB 0x000000008a700000| Untracked 
| 148|0x000000008a800000, 0x000000008a800000, 0x000000008a900000|  0%| F|  |TAMS 0x000000008a800000| PB 0x000000008a800000| Untracked 
| 149|0x000000008a900000, 0x000000008a900000, 0x000000008aa00000|  0%| F|  |TAMS 0x000000008a900000| PB 0x000000008a900000| Untracked 
| 150|0x000000008aa00000, 0x000000008aa00000, 0x000000008ab00000|  0%| F|  |TAMS 0x000000008aa00000| PB 0x000000008aa00000| Untracked 
| 151|0x000000008ab00000, 0x000000008ab00000, 0x000000008ac00000|  0%| F|  |TAMS 0x000000008ab00000| PB 0x000000008ab00000| Untracked 
| 152|0x000000008ac00000, 0x000000008ac00000, 0x000000008ad00000|  0%| F|  |TAMS 0x000000008ac00000| PB 0x000000008ac00000| Untracked 
| 153|0x000000008ad00000, 0x000000008ad00000, 0x000000008ae00000|  0%| F|  |TAMS 0x000000008ad00000| PB 0x000000008ad00000| Untracked 
| 154|0x000000008ae00000, 0x000000008ae00000, 0x000000008af00000|  0%| F|  |TAMS 0x000000008ae00000| PB 0x000000008ae00000| Untracked 
| 155|0x000000008af00000, 0x000000008af00000, 0x000000008b000000|  0%| F|  |TAMS 0x000000008af00000| PB 0x000000008af00000| Untracked 
| 156|0x000000008b000000, 0x000000008b000000, 0x000000008b100000|  0%| F|  |TAMS 0x000000008b000000| PB 0x000000008b000000| Untracked 
| 157|0x000000008b100000, 0x000000008b100000, 0x000000008b200000|  0%| F|  |TAMS 0x000000008b100000| PB 0x000000008b100000| Untracked 
| 158|0x000000008b200000, 0x000000008b200000, 0x000000008b300000|  0%| F|  |TAMS 0x000000008b200000| PB 0x000000008b200000| Untracked 
| 159|0x000000008b300000, 0x000000008b300000, 0x000000008b400000|  0%| F|  |TAMS 0x000000008b300000| PB 0x000000008b300000| Untracked 
| 160|0x000000008b400000, 0x000000008b400000, 0x000000008b500000|  0%| F|  |TAMS 0x000000008b400000| PB 0x000000008b400000| Untracked 
| 161|0x000000008b500000, 0x000000008b500000, 0x000000008b600000|  0%| F|  |TAMS 0x000000008b500000| PB 0x000000008b500000| Untracked 
| 162|0x000000008b600000, 0x000000008b600000, 0x000000008b700000|  0%| F|  |TAMS 0x000000008b600000| PB 0x000000008b600000| Untracked 
| 163|0x000000008b700000, 0x000000008b700000, 0x000000008b800000|  0%| F|  |TAMS 0x000000008b700000| PB 0x000000008b700000| Untracked 
| 164|0x000000008b800000, 0x000000008b800000, 0x000000008b900000|  0%| F|  |TAMS 0x000000008b800000| PB 0x000000008b800000| Untracked 
| 165|0x000000008b900000, 0x000000008b900000, 0x000000008ba00000|  0%| F|  |TAMS 0x000000008b900000| PB 0x000000008b900000| Untracked 
| 166|0x000000008ba00000, 0x000000008ba00000, 0x000000008bb00000|  0%| F|  |TAMS 0x000000008ba00000| PB 0x000000008ba00000| Untracked 
| 167|0x000000008bb00000, 0x000000008bb00000, 0x000000008bc00000|  0%| F|  |TAMS 0x000000008bb00000| PB 0x000000008bb00000| Untracked 
| 168|0x000000008bc00000, 0x000000008bc00000, 0x000000008bd00000|  0%| F|  |TAMS 0x000000008bc00000| PB 0x000000008bc00000| Untracked 
| 169|0x000000008bd00000, 0x000000008bd00000, 0x000000008be00000|  0%| F|  |TAMS 0x000000008bd00000| PB 0x000000008bd00000| Untracked 
| 170|0x000000008be00000, 0x000000008be00000, 0x000000008bf00000|  0%| F|  |TAMS 0x000000008be00000| PB 0x000000008be00000| Untracked 
| 171|0x000000008bf00000, 0x000000008bf00000, 0x000000008c000000|  0%| F|  |TAMS 0x000000008bf00000| PB 0x000000008bf00000| Untracked 
| 172|0x000000008c000000, 0x000000008c000000, 0x000000008c100000|  0%| F|  |TAMS 0x000000008c000000| PB 0x000000008c000000| Untracked 
| 173|0x000000008c100000, 0x000000008c100000, 0x000000008c200000|  0%| F|  |TAMS 0x000000008c100000| PB 0x000000008c100000| Untracked 
| 174|0x000000008c200000, 0x000000008c200000, 0x000000008c300000|  0%| F|  |TAMS 0x000000008c200000| PB 0x000000008c200000| Untracked 
| 175|0x000000008c300000, 0x000000008c300000, 0x000000008c400000|  0%| F|  |TAMS 0x000000008c300000| PB 0x000000008c300000| Untracked 
| 176|0x000000008c400000, 0x000000008c400000, 0x000000008c500000|  0%| F|  |TAMS 0x000000008c400000| PB 0x000000008c400000| Untracked 
| 177|0x000000008c500000, 0x000000008c500000, 0x000000008c600000|  0%| F|  |TAMS 0x000000008c500000| PB 0x000000008c500000| Untracked 
| 178|0x000000008c600000, 0x000000008c600000, 0x000000008c700000|  0%| F|  |TAMS 0x000000008c600000| PB 0x000000008c600000| Untracked 
| 179|0x000000008c700000, 0x000000008c700000, 0x000000008c800000|  0%| F|  |TAMS 0x000000008c700000| PB 0x000000008c700000| Untracked 
| 180|0x000000008c800000, 0x000000008c800000, 0x000000008c900000|  0%| F|  |TAMS 0x000000008c800000| PB 0x000000008c800000| Untracked 
| 181|0x000000008c900000, 0x000000008c900000, 0x000000008ca00000|  0%| F|  |TAMS 0x000000008c900000| PB 0x000000008c900000| Untracked 
| 182|0x000000008ca00000, 0x000000008ca00000, 0x000000008cb00000|  0%| F|  |TAMS 0x000000008ca00000| PB 0x000000008ca00000| Untracked 
| 183|0x000000008cb00000, 0x000000008cb00000, 0x000000008cc00000|  0%| F|  |TAMS 0x000000008cb00000| PB 0x000000008cb00000| Untracked 
| 184|0x000000008cc00000, 0x000000008cc00000, 0x000000008cd00000|  0%| F|  |TAMS 0x000000008cc00000| PB 0x000000008cc00000| Untracked 
| 185|0x000000008cd00000, 0x000000008cd00000, 0x000000008ce00000|  0%| F|  |TAMS 0x000000008cd00000| PB 0x000000008cd00000| Untracked 
| 186|0x000000008ce00000, 0x000000008ce00000, 0x000000008cf00000|  0%| F|  |TAMS 0x000000008ce00000| PB 0x000000008ce00000| Untracked 
| 187|0x000000008cf00000, 0x000000008cf00000, 0x000000008d000000|  0%| F|  |TAMS 0x000000008cf00000| PB 0x000000008cf00000| Untracked 
| 188|0x000000008d000000, 0x000000008d000000, 0x000000008d100000|  0%| F|  |TAMS 0x000000008d000000| PB 0x000000008d000000| Untracked 
| 189|0x000000008d100000, 0x000000008d100000, 0x000000008d200000|  0%| F|  |TAMS 0x000000008d100000| PB 0x000000008d100000| Untracked 
| 190|0x000000008d200000, 0x000000008d200000, 0x000000008d300000|  0%| F|  |TAMS 0x000000008d200000| PB 0x000000008d200000| Untracked 
| 191|0x000000008d300000, 0x000000008d300000, 0x000000008d400000|  0%| F|  |TAMS 0x000000008d300000| PB 0x000000008d300000| Untracked 
| 192|0x000000008d400000, 0x000000008d400000, 0x000000008d500000|  0%| F|  |TAMS 0x000000008d400000| PB 0x000000008d400000| Untracked 
| 193|0x000000008d500000, 0x000000008d500000, 0x000000008d600000|  0%| F|  |TAMS 0x000000008d500000| PB 0x000000008d500000| Untracked 
| 194|0x000000008d600000, 0x000000008d600000, 0x000000008d700000|  0%| F|  |TAMS 0x000000008d600000| PB 0x000000008d600000| Untracked 
| 195|0x000000008d700000, 0x000000008d700000, 0x000000008d800000|  0%| F|  |TAMS 0x000000008d700000| PB 0x000000008d700000| Untracked 
| 196|0x000000008d800000, 0x000000008d800000, 0x000000008d900000|  0%| F|  |TAMS 0x000000008d800000| PB 0x000000008d800000| Untracked 
| 197|0x000000008d900000, 0x000000008d900000, 0x000000008da00000|  0%| F|  |TAMS 0x000000008d900000| PB 0x000000008d900000| Untracked 
| 198|0x000000008da00000, 0x000000008da00000, 0x000000008db00000|  0%| F|  |TAMS 0x000000008da00000| PB 0x000000008da00000| Untracked 
| 199|0x000000008db00000, 0x000000008db00000, 0x000000008dc00000|  0%| F|  |TAMS 0x000000008db00000| PB 0x000000008db00000| Untracked 
| 200|0x000000008dc00000, 0x000000008dc00000, 0x000000008dd00000|  0%| F|  |TAMS 0x000000008dc00000| PB 0x000000008dc00000| Untracked 
| 201|0x000000008dd00000, 0x000000008dd00000, 0x000000008de00000|  0%| F|  |TAMS 0x000000008dd00000| PB 0x000000008dd00000| Untracked 
| 202|0x000000008de00000, 0x000000008de00000, 0x000000008df00000|  0%| F|  |TAMS 0x000000008de00000| PB 0x000000008de00000| Untracked 
| 203|0x000000008df00000, 0x000000008df00000, 0x000000008e000000|  0%| F|  |TAMS 0x000000008df00000| PB 0x000000008df00000| Untracked 
| 204|0x000000008e000000, 0x000000008e000000, 0x000000008e100000|  0%| F|  |TAMS 0x000000008e000000| PB 0x000000008e000000| Untracked 
| 205|0x000000008e100000, 0x000000008e100000, 0x000000008e200000|  0%| F|  |TAMS 0x000000008e100000| PB 0x000000008e100000| Untracked 
| 206|0x000000008e200000, 0x000000008e280800, 0x000000008e300000| 50%| E|  |TAMS 0x000000008e200000| PB 0x000000008e200000| Complete 
| 207|0x000000008e300000, 0x000000008e400000, 0x000000008e400000|100%| E|CS|TAMS 0x000000008e300000| PB 0x000000008e300000| Complete 
| 208|0x000000008e400000, 0x000000008e500000, 0x000000008e500000|100%| E|CS|TAMS 0x000000008e400000| PB 0x000000008e400000| Complete 
| 209|0x000000008e500000, 0x000000008e600000, 0x000000008e600000|100%| E|CS|TAMS 0x000000008e500000| PB 0x000000008e500000| Complete 

Card table byte_map: [0x0000011e4f790000,0x0000011e4fb90000] _byte_map_base: 0x0000011e4f386000

Marking Bits: (CMBitMap*) 0x0000011e35d167a0
 Bits: [0x0000011e4fb90000, 0x0000011e51b40000)

Polling page: 0x0000011e35d90000

Metaspace:

Usage:
  Non-class:     22.37 MB used.
      Class:      2.65 MB used.
       Both:     25.03 MB used.

Virtual space:
  Non-class space:       64.00 MB reserved,      22.62 MB ( 35%) committed,  1 nodes.
      Class space:        1.00 GB reserved,       2.88 MB ( <1%) committed,  1 nodes.
             Both:        1.06 GB reserved,      25.50 MB (  2%) committed. 

Chunk freelists:
   Non-Class:  9.06 MB
       Class:  13.19 MB
        Both:  22.25 MB

MaxMetaspaceSize: unlimited
CompressedClassSpaceSize: 1.00 GB
Initial GC threshold: 21.00 MB
Current GC threshold: 42.31 MB
CDS: on
 - commit_granule_bytes: 65536.
 - commit_granule_words: 8192.
 - virtual_space_node_default_size: 8388608.
 - enlarge_chunks_in_place: 1.
 - use_allocation_guard: 0.


Internal statistics:

num_allocs_failed_limit: 3.
num_arena_births: 440.
num_arena_deaths: 0.
num_vsnodes_births: 2.
num_vsnodes_deaths: 0.
num_space_committed: 408.
num_space_uncommitted: 0.
num_chunks_returned_to_freelist: 3.
num_chunks_taken_from_freelist: 1335.
num_chunk_merges: 3.
num_chunk_splits: 915.
num_chunks_enlarged: 684.
num_inconsistent_stats: 0.

CodeHeap 'non-profiled nmethods': size=120000Kb used=3777Kb max_used=4080Kb free=116222Kb
 bounds [0x0000011e47400000, 0x0000011e47840000, 0x0000011e4e930000]
CodeHeap 'profiled nmethods': size=120000Kb used=12278Kb max_used=14466Kb free=107721Kb
 bounds [0x0000011e3f930000, 0x0000011e40760000, 0x0000011e46e60000]
CodeHeap 'non-nmethods': size=5760Kb used=1443Kb max_used=1530Kb free=4316Kb
 bounds [0x0000011e46e60000, 0x0000011e470d0000, 0x0000011e47400000]
 total_blobs=6488 nmethods=5958 adapters=434
 compilation: enabled
              stopped_count=0, restarted_count=0
 full_count=0

Compilation events (20 events):
Event: 19.291 Thread 0x0000011e9a462770 nmethod 7029 0x0000011e47688890 code [0x0000011e47688a20, 0x0000011e47688b98]
Event: 19.291 Thread 0x0000011e9a462770 6935       4       com.sun.org.apache.xerces.internal.util.NamespaceSupport::popContext (21 bytes)
Event: 19.292 Thread 0x0000011e9a462770 nmethod 6935 0x0000011e47688590 code [0x0000011e47688720, 0x0000011e47688800]
Event: 19.292 Thread 0x0000011e9a462770 7005       4       java.lang.Long::bitCount (61 bytes)
Event: 19.293 Thread 0x0000011e9a462770 nmethod 7005 0x0000011e47688010 code [0x0000011e47688180, 0x0000011e47688260]
Event: 19.293 Thread 0x0000011e9a462770 7032       4       org.apache.maven.model.management.DefaultDependencyManagementInjector$ManagementModelMerger::mergeDependency_Optional (1 bytes)
Event: 19.293 Thread 0x0000011e9a462770 nmethod 7032 0x0000011e4744be10 code [0x0000011e4744bfa0, 0x0000011e4744c028]
Event: 19.293 Thread 0x0000011e9a462770 6979       4       org.apache.maven.model.merge.MavenModelMerger::mergeModel_ModelVersion (1 bytes)
Event: 19.293 Thread 0x0000011e9a462770 nmethod 6979 0x0000011e4744bb10 code [0x0000011e4744bca0, 0x0000011e4744bd28]
Event: 19.293 Thread 0x0000011e9a462770 6980       4       org.apache.maven.model.merge.MavenModelMerger::mergeModel_ArtifactId (1 bytes)
Event: 19.294 Thread 0x0000011e9a462770 nmethod 6980 0x0000011e4744b810 code [0x0000011e4744b9a0, 0x0000011e4744ba28]
Event: 19.294 Thread 0x0000011e9a462770 6981       4       org.apache.maven.model.merge.MavenModelMerger::mergeModel_Prerequisites (1 bytes)
Event: 19.294 Thread 0x0000011e9a462770 nmethod 6981 0x0000011e4744b510 code [0x0000011e4744b6a0, 0x0000011e4744b728]
Event: 19.294 Thread 0x0000011e9a462770 6982       4       org.apache.maven.model.merge.MavenModelMerger::mergeModel_Profiles (1 bytes)
Event: 19.295 Thread 0x0000011e9a462770 nmethod 6982 0x0000011e4744b210 code [0x0000011e4744b3a0, 0x0000011e4744b428]
Event: 19.295 Thread 0x0000011e9a462770 6898       4       java.lang.Integer::rotateRight (9 bytes)
Event: 19.295 Thread 0x0000011e9a462770 nmethod 6898 0x0000011e4744ae10 code [0x0000011e4744af80, 0x0000011e4744aff0]
Event: 19.298 Thread 0x0000011e9a462770 7113 %     4       sun.nio.fs.WindowsPath::hashCode @ 11 (52 bytes)
Event: 19.305 Thread 0x0000011e9a462770 nmethod 7113% 0x0000011e475c8e10 code [0x0000011e475c8fc0, 0x0000011e475c92d0]
Event: 19.374 Thread 0x0000011e9a462770 7114   !   4       sun.nio.fs.WindowsFileAttributes::get (275 bytes)

GC Heap History (20 events):
Event: 11.295 GC heap before
{Heap before GC invocations=6 (full 0):
 garbage-first heap   total 131072K, used 88064K [0x0000000081400000, 0x0000000100000000)
  region size 1024K, 55 young (56320K), 10 survivors (10240K)
 Metaspace       used 21244K, committed 21504K, reserved 1114112K
  class space    used 2296K, committed 2432K, reserved 1048576K
}
Event: 11.321 GC heap after
{Heap after GC invocations=7 (full 0):
 garbage-first heap   total 131072K, used 46080K [0x0000000081400000, 0x0000000100000000)
  region size 1024K, 4 young (4096K), 4 survivors (4096K)
 Metaspace       used 21244K, committed 21504K, reserved 1114112K
  class space    used 2296K, committed 2432K, reserved 1048576K
}
Event: 12.228 GC heap before
{Heap before GC invocations=8 (full 0):
 garbage-first heap   total 131072K, used 105472K [0x0000000081400000, 0x0000000100000000)
  region size 1024K, 62 young (63488K), 4 survivors (4096K)
 Metaspace       used 23440K, committed 23936K, reserved 1114112K
  class space    used 2527K, committed 2752K, reserved 1048576K
}
Event: 12.251 GC heap after
{Heap after GC invocations=9 (full 0):
 garbage-first heap   total 131072K, used 55296K [0x0000000081400000, 0x0000000100000000)
  region size 1024K, 8 young (8192K), 8 survivors (8192K)
 Metaspace       used 23440K, committed 23936K, reserved 1114112K
  class space    used 2527K, committed 2752K, reserved 1048576K
}
Event: 12.695 GC heap before
{Heap before GC invocations=9 (full 0):
 garbage-first heap   total 131072K, used 106496K [0x0000000081400000, 0x0000000100000000)
  region size 1024K, 58 young (59392K), 8 survivors (8192K)
 Metaspace       used 23477K, committed 23936K, reserved 1114112K
  class space    used 2528K, committed 2752K, reserved 1048576K
}
Event: 12.734 GC heap after
{Heap after GC invocations=10 (full 0):
 garbage-first heap   total 157696K, used 64000K [0x0000000081400000, 0x0000000100000000)
  region size 1024K, 8 young (8192K), 8 survivors (8192K)
 Metaspace       used 23477K, committed 23936K, reserved 1114112K
  class space    used 2528K, committed 2752K, reserved 1048576K
}
Event: 14.334 GC heap before
{Heap before GC invocations=10 (full 0):
 garbage-first heap   total 157696K, used 131584K [0x0000000081400000, 0x0000000100000000)
  region size 1024K, 70 young (71680K), 8 survivors (8192K)
 Metaspace       used 24140K, committed 24576K, reserved 1114112K
  class space    used 2594K, committed 2816K, reserved 1048576K
}
Event: 14.356 GC heap after
{Heap after GC invocations=11 (full 0):
 garbage-first heap   total 157696K, used 80384K [0x0000000081400000, 0x0000000100000000)
  region size 1024K, 9 young (9216K), 9 survivors (9216K)
 Metaspace       used 24140K, committed 24576K, reserved 1114112K
  class space    used 2594K, committed 2816K, reserved 1048576K
}
Event: 14.657 GC heap before
{Heap before GC invocations=11 (full 0):
 garbage-first heap   total 157696K, used 130560K [0x0000000081400000, 0x0000000100000000)
  region size 1024K, 58 young (59392K), 9 survivors (9216K)
 Metaspace       used 24160K, committed 24640K, reserved 1114112K
  class space    used 2594K, committed 2816K, reserved 1048576K
}
Event: 14.679 GC heap after
{Heap after GC invocations=12 (full 0):
 garbage-first heap   total 157696K, used 92672K [0x0000000081400000, 0x0000000100000000)
  region size 1024K, 8 young (8192K), 8 survivors (8192K)
 Metaspace       used 24160K, committed 24640K, reserved 1114112K
  class space    used 2594K, committed 2816K, reserved 1048576K
}
Event: 15.998 GC heap before
{Heap before GC invocations=13 (full 0):
 garbage-first heap   total 157696K, used 126464K [0x0000000081400000, 0x0000000100000000)
  region size 1024K, 47 young (48128K), 8 survivors (8192K)
 Metaspace       used 24748K, committed 25216K, reserved 1114112K
  class space    used 2657K, committed 2880K, reserved 1048576K
}
Event: 16.022 GC heap after
{Heap after GC invocations=14 (full 0):
 garbage-first heap   total 157696K, used 98304K [0x0000000081400000, 0x0000000100000000)
  region size 1024K, 6 young (6144K), 6 survivors (6144K)
 Metaspace       used 24748K, committed 25216K, reserved 1114112K
  class space    used 2657K, committed 2880K, reserved 1048576K
}
Event: 16.471 GC heap before
{Heap before GC invocations=14 (full 0):
 garbage-first heap   total 157696K, used 133120K [0x0000000081400000, 0x0000000100000000)
  region size 1024K, 40 young (40960K), 6 survivors (6144K)
 Metaspace       used 25529K, committed 25920K, reserved 1114112K
  class space    used 2717K, committed 2880K, reserved 1048576K
}
Event: 16.492 GC heap after
{Heap after GC invocations=15 (full 0):
 garbage-first heap   total 157696K, used 103936K [0x0000000081400000, 0x0000000100000000)
  region size 1024K, 5 young (5120K), 5 survivors (5120K)
 Metaspace       used 25529K, committed 25920K, reserved 1114112K
  class space    used 2717K, committed 2880K, reserved 1048576K
}
Event: 16.729 GC heap before
{Heap before GC invocations=15 (full 0):
 garbage-first heap   total 157696K, used 135680K [0x0000000081400000, 0x0000000100000000)
  region size 1024K, 36 young (36864K), 5 survivors (5120K)
 Metaspace       used 25543K, committed 25984K, reserved 1114112K
  class space    used 2717K, committed 2944K, reserved 1048576K
}
Event: 16.741 GC heap after
{Heap after GC invocations=16 (full 0):
 garbage-first heap   total 215040K, used 109568K [0x0000000081400000, 0x0000000100000000)
  region size 1024K, 5 young (5120K), 5 survivors (5120K)
 Metaspace       used 25543K, committed 25984K, reserved 1114112K
  class space    used 2717K, committed 2944K, reserved 1048576K
}
Event: 17.249 GC heap before
{Heap before GC invocations=17 (full 0):
 garbage-first heap   total 215040K, used 150528K [0x0000000081400000, 0x0000000100000000)
  region size 1024K, 65 young (66560K), 5 survivors (5120K)
 Metaspace       used 25559K, committed 25984K, reserved 1114112K
  class space    used 2717K, committed 2944K, reserved 1048576K
}
Event: 17.264 GC heap after
{Heap after GC invocations=18 (full 0):
 garbage-first heap   total 215040K, used 101376K [0x0000000081400000, 0x0000000100000000)
  region size 1024K, 9 young (9216K), 9 survivors (9216K)
 Metaspace       used 25559K, committed 25984K, reserved 1114112K
  class space    used 2717K, committed 2944K, reserved 1048576K
}
Event: 19.158 GC heap before
{Heap before GC invocations=18 (full 0):
 garbage-first heap   total 215040K, used 171008K [0x0000000081400000, 0x0000000100000000)
  region size 1024K, 75 young (76800K), 9 survivors (9216K)
 Metaspace       used 25605K, committed 26112K, reserved 1114112K
  class space    used 2717K, committed 2944K, reserved 1048576K
}
Event: 19.176 GC heap after
{Heap after GC invocations=19 (full 0):
 garbage-first heap   total 215040K, used 99288K [0x0000000081400000, 0x0000000100000000)
  region size 1024K, 8 young (8192K), 8 survivors (8192K)
 Metaspace       used 25605K, committed 26112K, reserved 1114112K
  class space    used 2717K, committed 2944K, reserved 1048576K
}

Dll operation events (12 events):
Event: 0.016 Loaded shared library C:\Users\hp\.jdks\openjdk-21.0.2\bin\java.dll
Event: 0.093 Loaded shared library C:\Users\hp\.jdks\openjdk-21.0.2\bin\jsvml.dll
Event: 0.238 Loaded shared library C:\Users\hp\.jdks\openjdk-21.0.2\bin\zip.dll
Event: 0.246 Loaded shared library C:\Users\hp\.jdks\openjdk-21.0.2\bin\instrument.dll
Event: 0.257 Loaded shared library C:\Users\hp\.jdks\openjdk-21.0.2\bin\net.dll
Event: 0.262 Loaded shared library C:\Users\hp\.jdks\openjdk-21.0.2\bin\nio.dll
Event: 0.271 Loaded shared library C:\Users\hp\.jdks\openjdk-21.0.2\bin\zip.dll
Event: 0.341 Loaded shared library C:\Program Files\JetBrains\IntelliJ IDEA 2023.3.3\bin\breakgen64.dll
Event: 0.364 Loaded shared library C:\Users\hp\.jdks\openjdk-21.0.2\bin\extnet.dll
Event: 0.732 Loaded shared library C:\Users\hp\.jdks\openjdk-21.0.2\bin\jimage.dll
Event: 1.054 Loaded shared library C:\Users\hp\AppData\Local\Temp\jansi-2.4.0-ecbb25d1247e4a8f-jansi.dll
Event: 1.075 Loaded shared library C:\Users\hp\.jdks\openjdk-21.0.2\bin\verify.dll

Deoptimization events (20 events):
Event: 17.692 Thread 0x0000011e35b61f60 Uncommon trap: trap_request=0xffffffbe fr.pc=0x0000011e477b9ab4 relative=0x0000000000005434
Event: 17.692 Thread 0x0000011e35b61f60 Uncommon trap: reason=profile_predicate action=maybe_recompile pc=0x0000011e477b9ab4 method=org.apache.maven.model.composition.DefaultDependencyManagementImporter.importManagement(Lorg/apache/maven/model/Model;Ljava/util/List;Lorg/apache/maven/model/build
Event: 17.692 Thread 0x0000011e35b61f60 DEOPT PACKING pc=0x0000011e477b9ab4 sp=0x0000000790bfb080
Event: 17.692 Thread 0x0000011e35b61f60 DEOPT UNPACKING pc=0x0000011e46eb46a2 sp=0x0000000790bfb080 mode 2
Event: 17.703 Thread 0x0000011e35b61f60 Uncommon trap: trap_request=0xffffffbe fr.pc=0x0000011e477b9ab4 relative=0x0000000000005434
Event: 17.703 Thread 0x0000011e35b61f60 Uncommon trap: reason=profile_predicate action=maybe_recompile pc=0x0000011e477b9ab4 method=org.apache.maven.model.composition.DefaultDependencyManagementImporter.importManagement(Lorg/apache/maven/model/Model;Ljava/util/List;Lorg/apache/maven/model/build
Event: 17.703 Thread 0x0000011e35b61f60 DEOPT PACKING pc=0x0000011e477b9ab4 sp=0x0000000790bfac40
Event: 17.703 Thread 0x0000011e35b61f60 DEOPT UNPACKING pc=0x0000011e46eb46a2 sp=0x0000000790bfac40 mode 2
Event: 17.710 Thread 0x0000011e35b61f60 Uncommon trap: trap_request=0xffffffbe fr.pc=0x0000011e477b9ab4 relative=0x0000000000005434
Event: 17.710 Thread 0x0000011e35b61f60 Uncommon trap: reason=profile_predicate action=maybe_recompile pc=0x0000011e477b9ab4 method=org.apache.maven.model.composition.DefaultDependencyManagementImporter.importManagement(Lorg/apache/maven/model/Model;Ljava/util/List;Lorg/apache/maven/model/build
Event: 17.710 Thread 0x0000011e35b61f60 DEOPT PACKING pc=0x0000011e477b9ab4 sp=0x0000000790bfa800
Event: 17.710 Thread 0x0000011e35b61f60 DEOPT UNPACKING pc=0x0000011e46eb46a2 sp=0x0000000790bfa800 mode 2
Event: 17.980 Thread 0x0000011e35b61f60 DEOPT PACKING pc=0x0000011e406e49a3 sp=0x0000000790bfce80
Event: 17.980 Thread 0x0000011e35b61f60 DEOPT UNPACKING pc=0x0000011e46eb4e42 sp=0x0000000790bfc360 mode 0
Event: 18.032 Thread 0x0000011e35b61f60 DEOPT PACKING pc=0x0000011e406e49a3 sp=0x0000000790bfce80
Event: 18.032 Thread 0x0000011e35b61f60 DEOPT UNPACKING pc=0x0000011e46eb4e42 sp=0x0000000790bfc360 mode 0
Event: 18.090 Thread 0x0000011e35b61f60 DEOPT PACKING pc=0x0000011e406e49a3 sp=0x0000000790bfce80
Event: 18.090 Thread 0x0000011e35b61f60 DEOPT UNPACKING pc=0x0000011e46eb4e42 sp=0x0000000790bfc360 mode 0
Event: 18.151 Thread 0x0000011e35b61f60 DEOPT PACKING pc=0x0000011e406e49a3 sp=0x0000000790bfce80
Event: 18.151 Thread 0x0000011e35b61f60 DEOPT UNPACKING pc=0x0000011e46eb4e42 sp=0x0000000790bfc360 mode 0

Classes loaded (20 events):
Event: 15.909 Loading class java/io/InterruptedIOException
Event: 15.909 Loading class java/io/InterruptedIOException done
Event: 15.909 Loading class java/nio/channels/ClosedChannelException
Event: 15.910 Loading class java/nio/channels/ClosedChannelException done
Event: 15.911 Loading class java/nio/channels/NonWritableChannelException
Event: 15.911 Loading class java/nio/channels/NonWritableChannelException done
Event: 15.929 Loading class java/util/ResourceBundle$CacheKey
Event: 15.929 Loading class java/util/ResourceBundle$CacheKey done
Event: 16.173 Loading class java/io/FileWriter
Event: 16.173 Loading class java/io/FileWriter done
Event: 16.205 Loading class jdk/internal/reflect/MethodHandleIntegerFieldAccessorImpl
Event: 16.206 Loading class jdk/internal/reflect/MethodHandleIntegerFieldAccessorImpl done
Event: 16.209 Loading class java/util/concurrent/ConcurrentLinkedDeque
Event: 16.210 Loading class java/util/concurrent/ConcurrentLinkedDeque done
Event: 16.210 Loading class java/util/concurrent/ConcurrentLinkedDeque$Node
Event: 16.211 Loading class java/util/concurrent/ConcurrentLinkedDeque$Node done
Event: 16.243 Loading class java/nio/file/attribute/FileTime$1
Event: 16.244 Loading class java/nio/file/attribute/FileTime$1 done
Event: 16.285 Loading class sun/nio/ch/ChannelOutputStream
Event: 16.285 Loading class sun/nio/ch/ChannelOutputStream done

Classes unloaded (0 events):
No events

Classes redefined (0 events):
No events

Internal exceptions (20 events):
Event: 11.722 Thread 0x0000011e35b61f60 Exception <a 'java/lang/NoSuchMethodError'{0x0000000088a07050}: 'void java.lang.invoke.DirectMethodHandle$Holder.invokeStatic(java.lang.Object, java.lang.Object, int, java.lang.Object)'> (0x0000000088a07050) 
thrown [s\open\src\hotspot\share\interpreter\linkResolver.cpp, line 773]
Event: 11.723 Thread 0x0000011e35b61f60 Exception <a 'java/lang/NoSuchMethodError'{0x0000000088a0e3e0}: 'void java.lang.invoke.DelegatingMethodHandle$Holder.delegate(java.lang.Object, java.lang.Object, int, java.lang.Object)'> (0x0000000088a0e3e0) 
thrown [s\open\src\hotspot\share\interpreter\linkResolver.cpp, line 773]
Event: 11.785 Thread 0x0000011e35b61f60 Exception <a 'java/lang/NoSuchMethodError'{0x0000000088a76138}: 'java.lang.Object java.lang.invoke.DelegatingMethodHandle$Holder.reinvoke_L(java.lang.Object, java.lang.Object, java.lang.Object, java.lang.Object, java.lang.Object, java.lang.Object, java.lang.Object, java.lang.Object, java.lang.Object, java.lang.Object, java.lang.Object, java.lang.Object, java.lang.Object)'> (0x0000000088a76138) 
thrown [s\open\src\hotspot\share\interpreter\linkResolver.cpp, line 773]
Event: 11.790 Thread 0x0000011e35b61f60 Exception <a 'java/lang/NoSuchMethodError'{0x0000000088ab5bd0}: 'java.lang.Object java.lang.invoke.DirectMethodHandle$Holder.invokeStatic(java.lang.Object, java.lang.Object, java.lang.Object, java.lang.Object, java.lang.Object, java.lang.Object, java.lang.Object, java.lang.Object, java.lang.Object, java.lang.Object, java.lang.Object, java.lang.Object, java.lang.Object)'> (0x0000000088ab5bd0) 
thrown [s\open\src\hotspot\share\interpreter\linkResolver.cpp, line 773]
Event: 11.792 Thread 0x0000011e35b61f60 Exception <a 'java/lang/NoSuchMethodError'{0x0000000088ad3be8}: 'java.lang.Object java.lang.invoke.DirectMethodHandle$Holder.invokeStatic(java.lang.Object, java.lang.Object, java.lang.Object, java.lang.Object, java.lang.Object, java.lang.Object, java.lang.Object, java.lang.Object, java.lang.Object, java.lang.Object, java.lang.Object, java.lang.Object, java.lang.Object, java.lang.Object)'> (0x0000000088ad3be8) 
thrown [s\open\src\hotspot\share\interpreter\linkResolver.cpp, line 773]
Event: 11.794 Thread 0x0000011e35b61f60 Exception <a 'java/lang/NoSuchMethodError'{0x0000000088af32f8}: 'java.lang.Object java.lang.invoke.DirectMethodHandle$Holder.invokeStatic(java.lang.Object, java.lang.Object, java.lang.Object, java.lang.Object, java.lang.Object, java.lang.Object, java.lang.Object, java.lang.Object, java.lang.Object, java.lang.Object, java.lang.Object, java.lang.Object, java.lang.Object, java.lang.Object, java.lang.Object)'> (0x0000000088af32f8) 
thrown [s\open\src\hotspot\share\interpreter\linkResolver.cpp, line 773]
Event: 11.796 Thread 0x0000011e35b61f60 Exception <a 'java/lang/NoSuchMethodError'{0x0000000088915320}: 'java.lang.Object java.lang.invoke.DirectMethodHandle$Holder.invokeStatic(java.lang.Object, java.lang.Object, java.lang.Object, java.lang.Object, java.lang.Object, java.lang.Object, java.lang.Object, java.lang.Object, java.lang.Object, java.lang.Object, java.lang.Object, java.lang.Object, java.lang.Object, java.lang.Object, java.lang.Object, java.lang.Object)'> (0x0000000088915320) 
thrown [s\open\src\hotspot\share\interpreter\linkResolver.cpp
Event: 11.830 Thread 0x0000011e35b61f60 Exception <a 'sun/nio/fs/WindowsException'{0x0000000088827390}> (0x0000000088827390) 
thrown [s\open\src\hotspot\share\prims\jni.cpp, line 520]
Event: 12.861 Thread 0x0000011e35b61f60 Implicit null exception at 0x0000011e476f4bc6 to 0x0000011e476f8558
Event: 13.373 Thread 0x0000011e35b61f60 Exception <a 'java/lang/NoSuchMethodError'{0x00000000898ca568}: 'void java.lang.invoke.DirectMethodHandle$Holder.invokeSpecial(java.lang.Object, java.lang.Object, java.lang.Object, java.lang.Object, java.lang.Object)'> (0x00000000898ca568) 
thrown [s\open\src\hotspot\share\interpreter\linkResolver.cpp, line 773]
Event: 14.891 Thread 0x0000011e35b61f60 Exception <a 'java/lang/NoSuchMethodError'{0x000000008aaaae70}: 'java.lang.Object java.lang.invoke.DirectMethodHandle$Holder.newInvokeSpecial(java.lang.Object, java.lang.Object, java.lang.Object, java.lang.Object, java.lang.Object, java.lang.Object)'> (0x000000008aaaae70) 
thrown [s\open\src\hotspot\share\interpreter\linkResolver.cpp, line 773]
Event: 14.923 Thread 0x0000011e35b61f60 Exception <a 'java/lang/NoSuchMethodError'{0x000000008a80b000}: 'java.lang.ClassLoader java.lang.ClassLoader.getPlatformClassLoader(java.lang.Class)'> (0x000000008a80b000) 
thrown [s\open\src\hotspot\share\interpreter\linkResolver.cpp, line 773]
Event: 15.315 Thread 0x0000011e35b61f60 Implicit null exception at 0x0000011e477d83f9 to 0x0000011e477d8d55
Event: 15.923 Thread 0x0000011e35b61f60 Exception <a 'java/lang/NoSuchMethodError'{0x0000000088a5cc10}: 'void java.lang.invoke.DelegatingMethodHandle$Holder.reinvoke_L(java.lang.Object, java.lang.Object, java.lang.Object, java.lang.Object, java.lang.Object, java.lang.Object, java.lang.Object, java.lang.Object, java.lang.Object, int)'> (0x0000000088a5cc10) 
thrown [s\open\src\hotspot\share\interpreter\linkResolver.cpp, line 773]
Event: 15.936 Thread 0x0000011e35b61f60 Implicit null exception at 0x0000011e476d4694 to 0x0000011e476d5484
Event: 15.943 Thread 0x0000011e35b61f60 Implicit null exception at 0x0000011e476d4694 to 0x0000011e476d5484
Event: 15.968 Thread 0x0000011e35b61f60 Implicit null exception at 0x0000011e476d4694 to 0x0000011e476d5484
Event: 15.981 Thread 0x0000011e35b61f60 Implicit null exception at 0x0000011e476d4694 to 0x0000011e476d5484
Event: 16.301 Thread 0x0000011e35b61f60 Exception <a 'sun/nio/fs/WindowsException'{0x000000008a4d35b8}> (0x000000008a4d35b8) 
thrown [s\open\src\hotspot\share\prims\jni.cpp, line 520]
Event: 16.338 Thread 0x0000011e35b61f60 Exception <a 'sun/nio/fs/WindowsException'{0x000000008a153428}> (0x000000008a153428) 
thrown [s\open\src\hotspot\share\prims\jni.cpp, line 520]

ZGC Phase Switch (0 events):
No events

VM Operations (20 events):
Event: 15.911 Executing VM operation: HandshakeAllThreads (Deoptimize)
Event: 15.911 Executing VM operation: HandshakeAllThreads (Deoptimize) done
Event: 15.911 Executing VM operation: Cleanup
Event: 15.911 Executing VM operation: Cleanup done
Event: 15.998 Executing VM operation: G1CollectForAllocation (G1 Evacuation Pause)
Event: 16.022 Executing VM operation: G1CollectForAllocation (G1 Evacuation Pause) done
Event: 16.471 Executing VM operation: G1CollectForAllocation (G1 Evacuation Pause)
Event: 16.492 Executing VM operation: G1CollectForAllocation (G1 Evacuation Pause) done
Event: 16.729 Executing VM operation: G1CollectForAllocation (G1 Evacuation Pause)
Event: 16.741 Executing VM operation: G1CollectForAllocation (G1 Evacuation Pause) done
Event: 16.840 Executing VM operation: G1PauseRemark
Event: 16.850 Executing VM operation: G1PauseRemark done
Event: 16.916 Executing VM operation: G1PauseCleanup
Event: 16.916 Executing VM operation: G1PauseCleanup done
Event: 17.249 Executing VM operation: G1CollectForAllocation (G1 Evacuation Pause)
Event: 17.264 Executing VM operation: G1CollectForAllocation (G1 Evacuation Pause) done
Event: 18.273 Executing VM operation: Cleanup
Event: 18.273 Executing VM operation: Cleanup done
Event: 19.157 Executing VM operation: G1CollectForAllocation (G1 Evacuation Pause)
Event: 19.176 Executing VM operation: G1CollectForAllocation (G1 Evacuation Pause) done

Events (20 events):
Event: 16.850 Thread 0x0000011e545ca0b0 flushing nmethod 0x0000011e47696690
Event: 16.850 Thread 0x0000011e545ca0b0 flushing nmethod 0x0000011e475cdf10
Event: 16.850 Thread 0x0000011e545ca0b0 flushing nmethod 0x0000011e476a4990
Event: 16.850 Thread 0x0000011e545ca0b0 flushing nmethod 0x0000011e47651910
Event: 16.850 Thread 0x0000011e545ca0b0 flushing nmethod 0x0000011e4764a410
Event: 16.850 Thread 0x0000011e545ca0b0 flushing nmethod 0x0000011e47683b90
Event: 16.850 Thread 0x0000011e545ca0b0 flushing nmethod 0x0000011e4767c990
Event: 16.850 Thread 0x0000011e545ca0b0 flushing nmethod 0x0000011e47679490
Event: 16.850 Thread 0x0000011e545ca0b0 flushing nmethod 0x0000011e47669810
Event: 16.850 Thread 0x0000011e545ca0b0 flushing nmethod 0x0000011e4763c090
Event: 16.850 Thread 0x0000011e545ca0b0 flushing nmethod 0x0000011e475f8010
Event: 16.850 Thread 0x0000011e545ca0b0 flushing nmethod 0x0000011e475e9990
Event: 16.850 Thread 0x0000011e545ca0b0 flushing nmethod 0x0000011e4750aa10
Event: 16.850 Thread 0x0000011e545ca0b0 flushing nmethod 0x0000011e47501910
Event: 16.850 Thread 0x0000011e545ca0b0 flushing nmethod 0x0000011e474d2c10
Event: 16.850 Thread 0x0000011e545ca0b0 flushing nmethod 0x0000011e474b0c90
Event: 16.850 Thread 0x0000011e545ca0b0 flushing nmethod 0x0000011e47493d10
Event: 16.850 Thread 0x0000011e545ca0b0 flushing nmethod 0x0000011e47491410
Event: 16.850 Thread 0x0000011e545ca0b0 flushing nmethod 0x0000011e47421190
Event: 16.850 Thread 0x0000011e545ca0b0 flushing nmethod 0x0000011e47419c90


Dynamic libraries:
0x00007ff608950000 - 0x00007ff60895e000 	C:\Users\hp\.jdks\openjdk-21.0.2\bin\java.exe
0x00007ff874cb0000 - 0x00007ff874ea8000 	C:\Windows\SYSTEM32\ntdll.dll
0x00007ff8746c0000 - 0x00007ff87477d000 	C:\Windows\System32\KERNEL32.DLL
0x00007ff8726f0000 - 0x00007ff8729e6000 	C:\Windows\System32\KERNELBASE.dll
0x00007ff8729f0000 - 0x00007ff872af0000 	C:\Windows\System32\ucrtbase.dll
0x00007ff86cce0000 - 0x00007ff86ccfb000 	C:\Users\hp\.jdks\openjdk-21.0.2\bin\VCRUNTIME140.dll
0x00007ff86de60000 - 0x00007ff86de78000 	C:\Users\hp\.jdks\openjdk-21.0.2\bin\jli.dll
0x00007ff872cf0000 - 0x00007ff872e8e000 	C:\Windows\System32\USER32.dll
0x00007ff872af0000 - 0x00007ff872b12000 	C:\Windows\System32\win32u.dll
0x00007ff85abc0000 - 0x00007ff85ae5a000 	C:\Windows\WinSxS\amd64_microsoft.windows.common-controls_6595b64144ccf1df_6.0.19041.3636_none_60b6a03d71f818d5\COMCTL32.dll
0x00007ff872f30000 - 0x00007ff872f5b000 	C:\Windows\System32\GDI32.dll
0x00007ff872b20000 - 0x00007ff872c37000 	C:\Windows\System32\gdi32full.dll
0x00007ff872e90000 - 0x00007ff872f2e000 	C:\Windows\System32\msvcrt.dll
0x00007ff872470000 - 0x00007ff87250d000 	C:\Windows\System32\msvcp_win.dll
0x00007ff8748d0000 - 0x00007ff874902000 	C:\Windows\System32\IMM32.DLL
0x00007ff86c9d0000 - 0x00007ff86c9dc000 	C:\Users\hp\.jdks\openjdk-21.0.2\bin\vcruntime140_1.dll
0x00007ff84ecc0000 - 0x00007ff84ed4e000 	C:\Users\hp\.jdks\openjdk-21.0.2\bin\msvcp140.dll
0x00007ff82e350000 - 0x00007ff82f067000 	C:\Users\hp\.jdks\openjdk-21.0.2\bin\server\jvm.dll
0x00007ff8736c0000 - 0x00007ff873773000 	C:\Windows\System32\ADVAPI32.dll
0x00007ff874780000 - 0x00007ff87481f000 	C:\Windows\System32\sechost.dll
0x00007ff873520000 - 0x00007ff873646000 	C:\Windows\System32\RPCRT4.dll
0x00007ff872510000 - 0x00007ff872537000 	C:\Windows\System32\bcrypt.dll
0x00007ff8734b0000 - 0x00007ff87351b000 	C:\Windows\System32\WS2_32.dll
0x00007ff8721d0000 - 0x00007ff87221b000 	C:\Windows\SYSTEM32\POWRPROF.dll
0x00007ff85d640000 - 0x00007ff85d667000 	C:\Windows\SYSTEM32\WINMM.dll
0x00007ff86bd00000 - 0x00007ff86bd0a000 	C:\Windows\SYSTEM32\VERSION.dll
0x00007ff8721b0000 - 0x00007ff8721c2000 	C:\Windows\SYSTEM32\UMPDC.dll
0x00007ff8701e0000 - 0x00007ff8701f2000 	C:\Windows\SYSTEM32\kernel.appcore.dll
0x00007ff86c9c0000 - 0x00007ff86c9ca000 	C:\Users\hp\.jdks\openjdk-21.0.2\bin\jimage.dll
0x00007ff85e040000 - 0x00007ff85e224000 	C:\Windows\SYSTEM32\DBGHELP.DLL
0x00007ff85d020000 - 0x00007ff85d054000 	C:\Windows\SYSTEM32\dbgcore.DLL
0x00007ff8723e0000 - 0x00007ff872462000 	C:\Windows\System32\bcryptPrimitives.dll
0x00007ff86a100000 - 0x00007ff86a10f000 	C:\Users\hp\.jdks\openjdk-21.0.2\bin\instrument.dll
0x00007ff869d90000 - 0x00007ff869daf000 	C:\Users\hp\.jdks\openjdk-21.0.2\bin\java.dll
0x00007ff873850000 - 0x00007ff873f95000 	C:\Windows\System32\SHELL32.dll
0x00007ff8703e0000 - 0x00007ff870b7c000 	C:\Windows\SYSTEM32\windows.storage.dll
0x00007ff874910000 - 0x00007ff874c64000 	C:\Windows\System32\combase.dll
0x00007ff871cd0000 - 0x00007ff871cfe000 	C:\Windows\SYSTEM32\Wldp.dll
0x00007ff873780000 - 0x00007ff87384d000 	C:\Windows\System32\OLEAUT32.dll
0x00007ff873190000 - 0x00007ff87323d000 	C:\Windows\System32\SHCORE.dll
0x00007ff8733f0000 - 0x00007ff873445000 	C:\Windows\System32\shlwapi.dll
0x00007ff8722a0000 - 0x00007ff8722c5000 	C:\Windows\SYSTEM32\profapi.dll
0x00007ff84ebe0000 - 0x00007ff84ecb7000 	C:\Users\hp\.jdks\openjdk-21.0.2\bin\jsvml.dll
0x00007ff8663a0000 - 0x00007ff8663b8000 	C:\Users\hp\.jdks\openjdk-21.0.2\bin\zip.dll
0x00007ff86c9b0000 - 0x00007ff86c9c0000 	C:\Users\hp\.jdks\openjdk-21.0.2\bin\net.dll
0x00007ff869aa0000 - 0x00007ff869baa000 	C:\Windows\SYSTEM32\WINHTTP.dll
0x00007ff8719e0000 - 0x00007ff871a4a000 	C:\Windows\system32\mswsock.dll
0x00007ff869d50000 - 0x00007ff869d66000 	C:\Users\hp\.jdks\openjdk-21.0.2\bin\nio.dll
0x00007ff86dfc0000 - 0x00007ff86dfda000 	C:\Program Files\JetBrains\IntelliJ IDEA 2023.3.3\bin\breakgen64.dll
0x00007ff86c990000 - 0x00007ff86c999000 	C:\Users\hp\.jdks\openjdk-21.0.2\bin\extnet.dll
0x0000000069ac0000 - 0x0000000069ae4000 	C:\Users\hp\AppData\Local\Temp\jansi-2.4.0-ecbb25d1247e4a8f-jansi.dll
0x00007ff86c2e0000 - 0x00007ff86c2f0000 	C:\Users\hp\.jdks\openjdk-21.0.2\bin\verify.dll
0x00007ff871b90000 - 0x00007ff871ba8000 	C:\Windows\SYSTEM32\CRYPTSP.dll
0x00007ff871320000 - 0x00007ff871354000 	C:\Windows\system32\rsaenh.dll
0x00007ff872260000 - 0x00007ff87228e000 	C:\Windows\SYSTEM32\USERENV.dll
0x00007ff871bb0000 - 0x00007ff871bbc000 	C:\Windows\SYSTEM32\CRYPTBASE.dll
0x00007ff8716f0000 - 0x00007ff87172b000 	C:\Windows\SYSTEM32\IPHLPAPI.DLL
0x00007ff872f60000 - 0x00007ff872f68000 	C:\Windows\System32\NSI.dll
0x00007ff854d70000 - 0x00007ff854d87000 	C:\Windows\system32\napinsp.dll
0x00007ff854d50000 - 0x00007ff854d6b000 	C:\Windows\system32\pnrpnsp.dll
0x00007ff86d1d0000 - 0x00007ff86d1e5000 	C:\Windows\system32\wshbth.dll
0x00007ff86dcc0000 - 0x00007ff86dcdd000 	C:\Windows\system32\NLAapi.dll
0x00007ff871730000 - 0x00007ff8717fb000 	C:\Windows\SYSTEM32\DNSAPI.dll
0x00007ff854d30000 - 0x00007ff854d42000 	C:\Windows\System32\winrnr.dll
0x00007ff866860000 - 0x00007ff86686a000 	C:\Windows\System32\rasadhlp.dll
0x00007ff8663e0000 - 0x00007ff866460000 	C:\Windows\System32\fwpuclnt.dll

dbghelp: loaded successfully - version: 4.0.5 - missing functions: none
symbol engine: initialized successfully - sym options: 0x614 - pdb path: .;C:\Users\hp\.jdks\openjdk-21.0.2\bin;C:\Windows\SYSTEM32;C:\Windows\WinSxS\amd64_microsoft.windows.common-controls_6595b64144ccf1df_6.0.19041.3636_none_60b6a03d71f818d5;C:\Users\hp\.jdks\openjdk-21.0.2\bin\server;C:\Program Files\JetBrains\IntelliJ IDEA 2023.3.3\bin;C:\Users\hp\AppData\Local\Temp

VM Arguments:
jvm_args: -Dmaven.multiModuleProjectDirectory=E:\ecomerce-dell-poc -Djansi.passthrough=true -Dmaven.home=C:\Users\hp\.m2\wrapper\dists\apache-maven-3.9.6-bin\439sdfsg2nbdob9ciift5h5nse\apache-maven-3.9.6 -Dclassworlds.conf=C:\Users\hp\.m2\wrapper\dists\apache-maven-3.9.6-bin\439sdfsg2nbdob9ciift5h5nse\apache-maven-3.9.6\bin\m2.conf -javaagent:C:\Program Files\JetBrains\IntelliJ IDEA 2023.3.3\lib\idea_rt.jar=55626:C:\Program Files\JetBrains\IntelliJ IDEA 2023.3.3\bin -Dfile.encoding=UTF-8 -Dsun.stdout.encoding=UTF-8 -Dsun.stderr.encoding=UTF-8 
java_command: org.codehaus.classworlds.Launcher -Didea.version=2023.3.3 quarkus:dev
java_class_path (initial): C:\Users\hp\.m2\wrapper\dists\apache-maven-3.9.6-bin\439sdfsg2nbdob9ciift5h5nse\apache-maven-3.9.6\boot\plexus-classworlds-2.7.0.jar;C:\Users\hp\.m2\wrapper\dists\apache-maven-3.9.6-bin\439sdfsg2nbdob9ciift5h5nse\apache-maven-3.9.6\boot\plexus-classworlds.license
Launcher Type: SUN_STANDARD

[Global flags]
     intx CICompilerCount                          = 4                                         {product} {ergonomic}
     uint ConcGCThreads                            = 2                                         {product} {ergonomic}
     uint G1ConcRefinementThreads                  = 8                                         {product} {ergonomic}
   size_t G1HeapRegionSize                         = 1048576                                   {product} {ergonomic}
    uintx GCDrainStackTargetSize                   = 64                                        {product} {ergonomic}
   size_t InitialHeapSize                          = 134217728                                 {product} {ergonomic}
   size_t MarkStackSize                            = 4194304                                   {product} {ergonomic}
   size_t MaxHeapSize                              = 2126512128                                {product} {ergonomic}
   size_t MaxNewSize                               = 1275068416                                {product} {ergonomic}
   size_t MinHeapDeltaBytes                        = 1048576                                   {product} {ergonomic}
   size_t MinHeapSize                              = 8388608                                   {product} {ergonomic}
    uintx NonNMethodCodeHeapSize                   = 5839372                                {pd product} {ergonomic}
    uintx NonProfiledCodeHeapSize                  = 122909434                              {pd product} {ergonomic}
    uintx ProfiledCodeHeapSize                     = 122909434                              {pd product} {ergonomic}
    uintx ReservedCodeCacheSize                    = 251658240                              {pd product} {ergonomic}
     bool SegmentedCodeCache                       = true                                      {product} {ergonomic}
   size_t SoftMaxHeapSize                          = 2126512128                             {manageable} {ergonomic}
     bool UseCompressedOops                        = true                           {product lp64_product} {ergonomic}
     bool UseG1GC                                  = true                                      {product} {ergonomic}
     bool UseLargePagesIndividualAllocation        = false                                  {pd product} {ergonomic}

Logging:
Log output configuration:
 #0: stdout all=warning uptime,level,tags foldmultilines=false
 #1: stderr all=off uptime,level,tags foldmultilines=false

Environment Variables:
JAVA_HOME=C:\Program Files\Java\jdk-17\
PATH=C:\Program Files\Common Files\Oracle\Java\javapath;C:\Windows\system32;C:\Windows;C:\Windows\System32\Wbem;C:\Windows\System32\WindowsPowerShell\v1.0\;C:\Windows\System32\OpenSSH\;C:\Users\hp\Downloads\apache-maven-3.9.6\bin;C:\Program Files\Java\jdk-17\bin;C:\Program Files\Java\jdk-11\bin;C:\Program Files\nodejs\;C:\ProgramData\chocolatey\bin;C:\Program Files\RedHat\Podman\;E:\graalvm-jdk-21.0.2+13.1\bin;C:\Program Files\Git\cmd;C:\Program Files (x86)\GnuWin32\bin;;C:\Program Files\Docker\Docker\resources\bin;C:\Users\hp\AppData\Local\Programs\Python\Launcher\;C:\Users\hp\AppData\Local\Microsoft\WindowsApps;C:\Program Files\JetBrains\IntelliJ IDEA 2023.3.3\bin;;C:\Users\hp\Downloads\apache-maven-3.9.6\bin;C:\Program Files\Java\jdk-17\bin;C:\Program Files\Java\jdk-11\bin;C:\Users\hp\AppData\Roaming\npm;C:\Users\hp\AppData\Local\Programs\Microsoft VS Code\bin;C:\Program Files (x86)\GnuWin32\bin;
USERNAME=hp
OS=Windows_NT
PROCESSOR_IDENTIFIER=Intel64 Family 6 Model 142 Stepping 10, GenuineIntel
TMP=C:\Users\hp\AppData\Local\Temp
TEMP=C:\Users\hp\AppData\Local\Temp




Periodic native trim disabled

---------------  S Y S T E M  ---------------

OS:
 Windows 10 , 64 bit Build 19041 (10.0.19041.3636)
OS uptime: 4 days 16:02 hours
Hyper-V role detected

CPU: total 8 (initial active 8) (4 cores per cpu, 2 threads per core) family 6 model 142 stepping 10 microcode 0xb4, cx8, cmov, fxsr, ht, mmx, 3dnowpref, sse, sse2, sse3, ssse3, sse4.1, sse4.2, popcnt, lzcnt, tsc, tscinvbit, avx, avx2, aes, erms, clmul, bmi1, bmi2, adx, fma, vzeroupper, clflush, clflushopt, hv, rdtscp, f16c
Processor Information for all 8 processors :
  Max Mhz: 1801, Current Mhz: 1801, Mhz Limit: 1801

Memory: 4k page, system-wide physical 8108M (432M free)
TotalPageFile size 27225M (AvailPageFile size 2M)
current process WorkingSet (physical memory assigned to process): 350M, peak: 366M
current process commit charge ("private bytes"): 403M, peak: 411M

vm_info: OpenJDK 64-Bit Server VM (21.0.2+13-58) for windows-amd64 JRE (21.0.2+13-58), built on 2024-01-05T18:32:24Z by "mach5one" with MS VC++ 17.1 (VS2022)

END.
