#
# There is insufficient memory for the Java Runtime Environment to continue.
# Native memory allocation (mmap) failed to map 125829120 bytes for G1 virtual space
# Possible reasons:
#   The system is out of physical RAM or swap space
#   The process is running with CompressedOops enabled, and the Java Heap may be blocking the growth of the native heap
# Possible solutions:
#   Reduce memory load on the system
#   Increase physical memory or swap space
#   Check if swap backing store is full
#   Decrease Java heap size (-Xmx/-Xms)
#   Decrease number of Java threads
#   Decrease Java thread stack sizes (-Xss)
#   Set larger code cache with -XX:ReservedCodeCacheSize=
#   JVM is running with Unscaled Compressed Oops mode in which the Java heap is
#     placed in the first 4GB address space. The Java Heap base address is the
#     maximum limit for the native heap growth. Please use -XX:HeapBaseMinAddress
#     to set the Java Heap base and to place the Java Heap above 4GB virtual address.
# This output file may be truncated or incomplete.
#
#  Out of Memory Error (os_windows.cpp:3600), pid=2836, tid=35736
#
# JRE version: OpenJDK Runtime Environment (21.0.2+13) (build 21.0.2+13-58)
# Java VM: OpenJDK 64-Bit Server VM (21.0.2+13-58, mixed mode, sharing, tiered, compressed oops, compressed class ptrs, g1 gc, windows-amd64)
# No core dump will be written. Minidumps are not enabled by default on client versions of Windows
#

---------------  S U M M A R Y ------------

Command Line: -Dmaven.multiModuleProjectDirectory=E:\ecomerce-dell-poc -Djansi.passthrough=true -Dmaven.home=C:\Users\hp\.m2\wrapper\dists\apache-maven-3.9.6-bin\439sdfsg2nbdob9ciift5h5nse\apache-maven-3.9.6 -Dclassworlds.conf=C:\Users\hp\.m2\wrapper\dists\apache-maven-3.9.6-bin\439sdfsg2nbdob9ciift5h5nse\apache-maven-3.9.6\bin\m2.conf -javaagent:C:\Program Files\JetBrains\IntelliJ IDEA 2023.3.3\lib\idea_rt.jar=55636:C:\Program Files\JetBrains\IntelliJ IDEA 2023.3.3\bin -Dfile.encoding=UTF-8 -Dsun.stdout.encoding=UTF-8 -Dsun.stderr.encoding=UTF-8 org.codehaus.classworlds.Launcher -Didea.version=2023.3.3 quarkus:dev

Host: Intel(R) Core(TM) i5-8250U CPU @ 1.60GHz, 8 cores, 7G,  Windows 10 , 64 bit Build 19041 (10.0.19041.3636)
Time: Wed Mar  6 13:54:32 2024 India Standard Time elapsed time: 34.646057 seconds (0d 0h 0m 34s)

---------------  T H R E A D  ---------------

Current thread (0x000001fa3e5dd040):  VMThread "VM Thread"          [id=35736, stack(0x000000cde7000000,0x000000cde7100000) (1024K)]

Stack: [0x000000cde7000000,0x000000cde7100000]
Native frames: (J=compiled Java code, j=interpreted, Vv=VM code, C=native code)
V  [jvm.dll+0x6cade9]
V  [jvm.dll+0x8569c1]
V  [jvm.dll+0x858d2e]
V  [jvm.dll+0x859413]
V  [jvm.dll+0x280e56]
V  [jvm.dll+0x6c74d5]
V  [jvm.dll+0x6bbeca]
V  [jvm.dll+0x355bca]
V  [jvm.dll+0x35d816]
V  [jvm.dll+0x3ae67e]
V  [jvm.dll+0x3ae928]
V  [jvm.dll+0x3295dc]
V  [jvm.dll+0x329667]
V  [jvm.dll+0x36df1c]
V  [jvm.dll+0x36c71d]
V  [jvm.dll+0x328d51]
V  [jvm.dll+0x36c148]
V  [jvm.dll+0x85ef18]
V  [jvm.dll+0x860014]
V  [jvm.dll+0x860550]
V  [jvm.dll+0x8607f3]
V  [jvm.dll+0x7ff568]
V  [jvm.dll+0x6c953d]
C  [ucrtbase.dll+0x21bb2]
C  [KERNEL32.DLL+0x17344]
C  [ntdll.dll+0x526b1]

VM_Operation (0x000000cde69fc9c8): G1TryInitiateConcMark, mode: safepoint, requested by thread 0x000001fa1fb82af0


---------------  P R O C E S S  ---------------

Threads class SMR info:
_java_thread_list=0x000001fa86f99e30, length=13, elements={
0x000001fa1fb82af0, 0x000001fa3e5fae90, 0x000001fa3e5fbdb0, 0x000001fa3e6002e0,
0x000001fa3e602e50, 0x000001fa3e6042d0, 0x000001fa3e6078e0, 0x000001fa3e60c920,
0x000001fa3e60dc70, 0x000001fa3e5c5620, 0x000001fa3e9cb1a0, 0x000001fa3e9d56d0,
0x000001fa84efe9d0
}

Java Threads: ( => current thread )
  0x000001fa1fb82af0 JavaThread "main"                              [_thread_blocked, id=10484, stack(0x000000cde6900000,0x000000cde6a00000) (1024K)]
  0x000001fa3e5fae90 JavaThread "Reference Handler"          daemon [_thread_blocked, id=16684, stack(0x000000cde7100000,0x000000cde7200000) (1024K)]
  0x000001fa3e5fbdb0 JavaThread "Finalizer"                  daemon [_thread_blocked, id=31660, stack(0x000000cde7200000,0x000000cde7300000) (1024K)]
  0x000001fa3e6002e0 JavaThread "Signal Dispatcher"          daemon [_thread_blocked, id=7244, stack(0x000000cde7300000,0x000000cde7400000) (1024K)]
  0x000001fa3e602e50 JavaThread "Attach Listener"            daemon [_thread_blocked, id=34088, stack(0x000000cde7400000,0x000000cde7500000) (1024K)]
  0x000001fa3e6042d0 JavaThread "Service Thread"             daemon [_thread_blocked, id=22276, stack(0x000000cde7500000,0x000000cde7600000) (1024K)]
  0x000001fa3e6078e0 JavaThread "Monitor Deflation Thread"   daemon [_thread_blocked, id=3376, stack(0x000000cde7600000,0x000000cde7700000) (1024K)]
  0x000001fa3e60c920 JavaThread "C2 CompilerThread0"         daemon [_thread_blocked, id=21716, stack(0x000000cde7700000,0x000000cde7800000) (1024K)]
  0x000001fa3e60dc70 JavaThread "C1 CompilerThread0"         daemon [_thread_blocked, id=28404, stack(0x000000cde7800000,0x000000cde7900000) (1024K)]
  0x000001fa3e5c5620 JavaThread "Common-Cleaner"             daemon [_thread_blocked, id=23124, stack(0x000000cde7900000,0x000000cde7a00000) (1024K)]
  0x000001fa3e9cb1a0 JavaThread "Monitor Ctrl-Break"         daemon [_thread_in_native, id=23788, stack(0x000000cde7a00000,0x000000cde7b00000) (1024K)]
  0x000001fa3e9d56d0 JavaThread "Notification Thread"        daemon [_thread_blocked, id=28328, stack(0x000000cde7b00000,0x000000cde7c00000) (1024K)]
  0x000001fa84efe9d0 JavaThread "C2 CompilerThread1"         daemon [_thread_blocked, id=29904, stack(0x000000cde7c00000,0x000000cde7d00000) (1024K)]
Total: 13

Other Threads:
=>0x000001fa3e5dd040 VMThread "VM Thread"                           [id=35736, stack(0x000000cde7000000,0x000000cde7100000) (1024K)]
  0x000001fa3e5c3220 WatcherThread "VM Periodic Task Thread"        [id=16128, stack(0x000000cde6f00000,0x000000cde7000000) (1024K)]
  0x000001fa21cf5d80 WorkerThread "GC Thread#0"                     [id=21768, stack(0x000000cde6a00000,0x000000cde6b00000) (1024K)]
  0x000001fa84870510 WorkerThread "GC Thread#1"                     [id=28484, stack(0x000000cde7d00000,0x000000cde7e00000) (1024K)]
  0x000001fa848708b0 WorkerThread "GC Thread#2"                     [id=956, stack(0x000000cde7e00000,0x000000cde7f00000) (1024K)]
  0x000001fa842ef3e0 WorkerThread "GC Thread#3"                     [id=15068, stack(0x000000cde7f00000,0x000000cde8000000) (1024K)]
  0x000001fa84aca770 WorkerThread "GC Thread#4"                     [id=9684, stack(0x000000cde8000000,0x000000cde8100000) (1024K)]
  0x000001fa84acaf20 WorkerThread "GC Thread#5"                     [id=33848, stack(0x000000cde8100000,0x000000cde8200000) (1024K)]
  0x000001fa84acc0e0 WorkerThread "GC Thread#6"                     [id=1688, stack(0x000000cde8200000,0x000000cde8300000) (1024K)]
  0x000001fa84accf20 WorkerThread "GC Thread#7"                     [id=6060, stack(0x000000cde8300000,0x000000cde8400000) (1024K)]
  0x000001fa1fc4de60 ConcurrentGCThread "G1 Main Marker"            [id=21460, stack(0x000000cde6b00000,0x000000cde6c00000) (1024K)]
  0x000001fa1fc4e960 WorkerThread "G1 Conc#0"                       [id=5412, stack(0x000000cde6c00000,0x000000cde6d00000) (1024K)]
  0x000001fa8595d2f0 WorkerThread "G1 Conc#1"                       [id=26392, stack(0x000000cde8400000,0x000000cde8500000) (1024K)]
  0x000001fa3e485cf0 ConcurrentGCThread "G1 Refine#0"               [id=32204, stack(0x000000cde6d00000,0x000000cde6e00000) (1024K)]
  0x000001fa3e486860 ConcurrentGCThread "G1 Service"                [id=12464, stack(0x000000cde6e00000,0x000000cde6f00000) (1024K)]
Total: 15

Threads with active compile tasks:
C2 CompilerThread0    34751 7325       4       java.util.regex.Pattern::compile (537 bytes)
C2 CompilerThread1    34751 7323       4       java.nio.file.Files::readAttributes (11 bytes)
Total: 2

VM state: at safepoint (normal execution)

VM Mutex/Monitor currently owned by a thread:  ([mutex/lock_event])
[0x00007ff82ef8cd68] Threads_lock - owner thread: 0x000001fa3e5dd040
[0x00007ff82ef8ce68] Heap_lock - owner thread: 0x000001fa1fb82af0

Heap address: 0x0000000081400000, size: 2028 MB, Compressed Oops mode: 32-bit

CDS archive(s) mapped at: [0x000001fa3f000000-0x000001fa3fc90000-0x000001fa3fc90000), size 13172736, SharedBaseAddress: 0x000001fa3f000000, ArchiveRelocationMode: 1.
Compressed class space mapped at: 0x000001fa40000000-0x000001fa80000000, reserved size: 1073741824
Narrow klass base: 0x000001fa3f000000, Narrow klass shift: 0, Narrow klass range: 0x100000000

GC Precious Log:
 CardTable entry size: 512
 Card Set container configuration: InlinePtr #cards 5 size 8 Array Of Cards #cards 12 size 40 Howl #buckets 4 coarsen threshold 1843 Howl Bitmap #cards 512 size 80 coarsen threshold 460 Card regions per heap region 1 cards per card region 2048
 CPUs: 8 total, 8 available
 Memory: 8108M
 Large Page Support: Disabled
 NUMA Support: Disabled
 Compressed Oops: Enabled (32-bit)
 Heap Region Size: 1M
 Heap Min Capacity: 8M
 Heap Initial Capacity: 128M
 Heap Max Capacity: 2028M
 Pre-touch: Disabled
 Parallel Workers: 8
 Concurrent Workers: 2
 Concurrent Refinement Workers: 8
 Periodic GC: Disabled

Heap:
 garbage-first heap   total 171008K, used 93506K [0x0000000081400000, 0x0000000100000000)
  region size 1024K, 4 young (4096K), 4 survivors (4096K)
 Metaspace       used 25540K, committed 26048K, reserved 1114112K
  class space    used 2717K, committed 2944K, reserved 1048576K

Heap Regions: E=young(eden), S=young(survivor), O=old, HS=humongous(starts), HC=humongous(continues), CS=collection set, F=free, TAMS=top-at-mark-start, PB=parsable bottom
|   0|0x0000000081400000, 0x0000000081500000, 0x0000000081500000|100%| O|  |TAMS 0x0000000081500000| PB 0x0000000081400000| Untracked 
|   1|0x0000000081500000, 0x0000000081600000, 0x0000000081600000|100%| O|  |TAMS 0x0000000081600000| PB 0x0000000081500000| Untracked 
|   2|0x0000000081600000, 0x0000000081700000, 0x0000000081700000|100%| O|  |TAMS 0x0000000081700000| PB 0x0000000081600000| Untracked 
|   3|0x0000000081700000, 0x0000000081800000, 0x0000000081800000|100%| O|  |TAMS 0x0000000081800000| PB 0x0000000081700000| Untracked 
|   4|0x0000000081800000, 0x0000000081900000, 0x0000000081900000|100%| O|  |TAMS 0x0000000081900000| PB 0x0000000081800000| Untracked 
|   5|0x0000000081900000, 0x0000000081a00000, 0x0000000081a00000|100%| O|  |TAMS 0x0000000081a00000| PB 0x0000000081900000| Untracked 
|   6|0x0000000081a00000, 0x0000000081b00000, 0x0000000081b00000|100%| O|  |TAMS 0x0000000081b00000| PB 0x0000000081a00000| Untracked 
|   7|0x0000000081b00000, 0x0000000081c00000, 0x0000000081c00000|100%| O|  |TAMS 0x0000000081c00000| PB 0x0000000081b00000| Untracked 
|   8|0x0000000081c00000, 0x0000000081d00000, 0x0000000081d00000|100%| O|  |TAMS 0x0000000081d00000| PB 0x0000000081c00000| Untracked 
|   9|0x0000000081d00000, 0x0000000081e00000, 0x0000000081e00000|100%| O|  |TAMS 0x0000000081e00000| PB 0x0000000081d00000| Untracked 
|  10|0x0000000081e00000, 0x0000000081f00000, 0x0000000081f00000|100%| O|  |TAMS 0x0000000081f00000| PB 0x0000000081e00000| Untracked 
|  11|0x0000000081f00000, 0x0000000082000000, 0x0000000082000000|100%| O|  |TAMS 0x0000000082000000| PB 0x0000000081f00000| Untracked 
|  12|0x0000000082000000, 0x0000000082100000, 0x0000000082100000|100%| O|  |TAMS 0x0000000082100000| PB 0x0000000082000000| Untracked 
|  13|0x0000000082100000, 0x0000000082200000, 0x0000000082200000|100%| O|  |TAMS 0x0000000082200000| PB 0x0000000082100000| Untracked 
|  14|0x0000000082200000, 0x0000000082300000, 0x0000000082300000|100%| O|  |TAMS 0x0000000082300000| PB 0x0000000082200000| Untracked 
|  15|0x0000000082300000, 0x0000000082400000, 0x0000000082400000|100%| O|  |TAMS 0x0000000082400000| PB 0x0000000082300000| Untracked 
|  16|0x0000000082400000, 0x0000000082500000, 0x0000000082500000|100%| O|  |TAMS 0x0000000082500000| PB 0x0000000082400000| Untracked 
|  17|0x0000000082500000, 0x0000000082600000, 0x0000000082600000|100%| O|  |TAMS 0x0000000082600000| PB 0x0000000082500000| Untracked 
|  18|0x0000000082600000, 0x0000000082700000, 0x0000000082700000|100%| O|  |TAMS 0x0000000082700000| PB 0x0000000082600000| Untracked 
|  19|0x0000000082700000, 0x0000000082800000, 0x0000000082800000|100%| O|  |TAMS 0x0000000082800000| PB 0x0000000082700000| Untracked 
|  20|0x0000000082800000, 0x0000000082900000, 0x0000000082900000|100%| O|  |TAMS 0x0000000082900000| PB 0x0000000082800000| Untracked 
|  21|0x0000000082900000, 0x0000000082a00000, 0x0000000082a00000|100%| O|  |TAMS 0x0000000082a00000| PB 0x0000000082900000| Untracked 
|  22|0x0000000082a00000, 0x0000000082b00000, 0x0000000082b00000|100%| O|  |TAMS 0x0000000082b00000| PB 0x0000000082a00000| Untracked 
|  23|0x0000000082b00000, 0x0000000082c00000, 0x0000000082c00000|100%| O|  |TAMS 0x0000000082c00000| PB 0x0000000082b00000| Untracked 
|  24|0x0000000082c00000, 0x0000000082d00000, 0x0000000082d00000|100%| O|  |TAMS 0x0000000082d00000| PB 0x0000000082c00000| Untracked 
|  25|0x0000000082d00000, 0x0000000082e00000, 0x0000000082e00000|100%| O|  |TAMS 0x0000000082e00000| PB 0x0000000082d00000| Untracked 
|  26|0x0000000082e00000, 0x0000000082f00000, 0x0000000082f00000|100%| O|  |TAMS 0x0000000082f00000| PB 0x0000000082e00000| Untracked 
|  27|0x0000000082f00000, 0x0000000083000000, 0x0000000083000000|100%| O|  |TAMS 0x0000000083000000| PB 0x0000000082f00000| Untracked 
|  28|0x0000000083000000, 0x0000000083100000, 0x0000000083100000|100%| O|  |TAMS 0x0000000083100000| PB 0x0000000083000000| Untracked 
|  29|0x0000000083100000, 0x0000000083200000, 0x0000000083200000|100%| O|  |TAMS 0x0000000083200000| PB 0x0000000083100000| Untracked 
|  30|0x0000000083200000, 0x0000000083300000, 0x0000000083300000|100%| O|  |TAMS 0x0000000083300000| PB 0x0000000083200000| Untracked 
|  31|0x0000000083300000, 0x0000000083400000, 0x0000000083400000|100%| O|  |TAMS 0x0000000083300000| PB 0x0000000083300000| Untracked 
|  32|0x0000000083400000, 0x0000000083500000, 0x0000000083500000|100%| O|  |TAMS 0x0000000083500000| PB 0x0000000083400000| Untracked 
|  33|0x0000000083500000, 0x0000000083600000, 0x0000000083600000|100%| O|  |TAMS 0x0000000083600000| PB 0x0000000083500000| Untracked 
|  34|0x0000000083600000, 0x0000000083700000, 0x0000000083700000|100%| O|  |TAMS 0x0000000083700000| PB 0x0000000083600000| Untracked 
|  35|0x0000000083700000, 0x0000000083800000, 0x0000000083800000|100%| O|  |TAMS 0x0000000083800000| PB 0x0000000083700000| Untracked 
|  36|0x0000000083800000, 0x0000000083900000, 0x0000000083900000|100%| O|  |TAMS 0x0000000083900000| PB 0x0000000083800000| Untracked 
|  37|0x0000000083900000, 0x0000000083a00000, 0x0000000083a00000|100%| O|  |TAMS 0x0000000083a00000| PB 0x0000000083900000| Untracked 
|  38|0x0000000083a00000, 0x0000000083b00000, 0x0000000083b00000|100%| O|  |TAMS 0x0000000083b00000| PB 0x0000000083a00000| Untracked 
|  39|0x0000000083b00000, 0x0000000083c00000, 0x0000000083c00000|100%| O|  |TAMS 0x0000000083c00000| PB 0x0000000083b00000| Untracked 
|  40|0x0000000083c00000, 0x0000000083d00000, 0x0000000083d00000|100%| O|  |TAMS 0x0000000083d00000| PB 0x0000000083c00000| Untracked 
|  41|0x0000000083d00000, 0x0000000083e00000, 0x0000000083e00000|100%| O|  |TAMS 0x0000000083d00000| PB 0x0000000083d00000| Untracked 
|  42|0x0000000083e00000, 0x0000000083f00000, 0x0000000083f00000|100%| O|  |TAMS 0x0000000083e00000| PB 0x0000000083e00000| Untracked 
|  43|0x0000000083f00000, 0x0000000084000000, 0x0000000084000000|100%| O|  |TAMS 0x0000000083f00000| PB 0x0000000083f00000| Untracked 
|  44|0x0000000084000000, 0x0000000084100000, 0x0000000084100000|100%| O|  |TAMS 0x0000000084100000| PB 0x0000000084000000| Untracked 
|  45|0x0000000084100000, 0x0000000084200000, 0x0000000084200000|100%| O|  |TAMS 0x0000000084200000| PB 0x0000000084100000| Untracked 
|  46|0x0000000084200000, 0x0000000084300000, 0x0000000084300000|100%| O|  |TAMS 0x0000000084200000| PB 0x0000000084200000| Untracked 
|  47|0x0000000084300000, 0x0000000084400000, 0x0000000084400000|100%| O|  |TAMS 0x0000000084300000| PB 0x0000000084300000| Untracked 
|  48|0x0000000084400000, 0x0000000084500000, 0x0000000084500000|100%| O|  |TAMS 0x0000000084500000| PB 0x0000000084400000| Untracked 
|  49|0x0000000084500000, 0x0000000084600000, 0x0000000084600000|100%| O|  |TAMS 0x0000000084600000| PB 0x0000000084500000| Untracked 
|  50|0x0000000084600000, 0x0000000084700000, 0x0000000084700000|100%| O|  |TAMS 0x0000000084700000| PB 0x0000000084600000| Untracked 
|  51|0x0000000084700000, 0x0000000084800000, 0x0000000084800000|100%| O|  |TAMS 0x0000000084700000| PB 0x0000000084700000| Untracked 
|  52|0x0000000084800000, 0x0000000084900000, 0x0000000084900000|100%| O|  |TAMS 0x0000000084900000| PB 0x0000000084800000| Untracked 
|  53|0x0000000084900000, 0x0000000084a00000, 0x0000000084a00000|100%| O|  |TAMS 0x0000000084a00000| PB 0x0000000084900000| Untracked 
|  54|0x0000000084a00000, 0x0000000084b00000, 0x0000000084b00000|100%| O|  |TAMS 0x0000000084b00000| PB 0x0000000084a00000| Untracked 
|  55|0x0000000084b00000, 0x0000000084b00000, 0x0000000084c00000|  0%| F|  |TAMS 0x0000000084b00000| PB 0x0000000084b00000| Untracked 
|  56|0x0000000084c00000, 0x0000000084c00000, 0x0000000084d00000|  0%| F|  |TAMS 0x0000000084c00000| PB 0x0000000084c00000| Untracked 
|  57|0x0000000084d00000, 0x0000000084e00000, 0x0000000084e00000|100%| O|  |TAMS 0x0000000084e00000| PB 0x0000000084d00000| Untracked 
|  58|0x0000000084e00000, 0x0000000084e00000, 0x0000000084f00000|  0%| F|  |TAMS 0x0000000084e00000| PB 0x0000000084e00000| Untracked 
|  59|0x0000000084f00000, 0x0000000084f00000, 0x0000000085000000|  0%| F|  |TAMS 0x0000000084f00000| PB 0x0000000084f00000| Untracked 
|  60|0x0000000085000000, 0x0000000085100000, 0x0000000085100000|100%| O|  |TAMS 0x0000000085100000| PB 0x0000000085000000| Untracked 
|  61|0x0000000085100000, 0x0000000085200000, 0x0000000085200000|100%| O|  |TAMS 0x0000000085200000| PB 0x0000000085100000| Untracked 
|  62|0x0000000085200000, 0x0000000085300000, 0x0000000085300000|100%| O|  |TAMS 0x0000000085300000| PB 0x0000000085200000| Untracked 
|  63|0x0000000085300000, 0x0000000085400000, 0x0000000085400000|100%| O|  |TAMS 0x0000000085400000| PB 0x0000000085300000| Untracked 
|  64|0x0000000085400000, 0x0000000085500000, 0x0000000085500000|100%| O|  |TAMS 0x0000000085500000| PB 0x0000000085400000| Untracked 
|  65|0x0000000085500000, 0x0000000085600000, 0x0000000085600000|100%| O|  |TAMS 0x0000000085600000| PB 0x0000000085500000| Untracked 
|  66|0x0000000085600000, 0x0000000085700000, 0x0000000085700000|100%| O|  |TAMS 0x0000000085700000| PB 0x0000000085600000| Untracked 
|  67|0x0000000085700000, 0x0000000085800000, 0x0000000085800000|100%| O|  |TAMS 0x0000000085800000| PB 0x0000000085700000| Untracked 
|  68|0x0000000085800000, 0x0000000085900000, 0x0000000085900000|100%| O|  |TAMS 0x0000000085900000| PB 0x0000000085800000| Untracked 
|  69|0x0000000085900000, 0x0000000085a00000, 0x0000000085a00000|100%| O|  |TAMS 0x0000000085a00000| PB 0x0000000085900000| Untracked 
|  70|0x0000000085a00000, 0x0000000085b00000, 0x0000000085b00000|100%| O|  |TAMS 0x0000000085b00000| PB 0x0000000085a00000| Untracked 
|  71|0x0000000085b00000, 0x0000000085c00000, 0x0000000085c00000|100%| O|  |TAMS 0x0000000085c00000| PB 0x0000000085b00000| Untracked 
|  72|0x0000000085c00000, 0x0000000085d00000, 0x0000000085d00000|100%| O|  |TAMS 0x0000000085d00000| PB 0x0000000085c00000| Untracked 
|  73|0x0000000085d00000, 0x0000000085d00000, 0x0000000085e00000|  0%| F|  |TAMS 0x0000000085d00000| PB 0x0000000085d00000| Untracked 
|  74|0x0000000085e00000, 0x0000000085f00000, 0x0000000085f00000|100%| O|  |TAMS 0x0000000085f00000| PB 0x0000000085e00000| Untracked 
|  75|0x0000000085f00000, 0x0000000086000000, 0x0000000086000000|100%| O|  |TAMS 0x0000000086000000| PB 0x0000000085f00000| Untracked 
|  76|0x0000000086000000, 0x0000000086100000, 0x0000000086100000|100%| O|  |TAMS 0x00000000860cdd70| PB 0x0000000086000000| Untracked 
|  77|0x0000000086100000, 0x0000000086100000, 0x0000000086200000|  0%| F|  |TAMS 0x0000000086100000| PB 0x0000000086100000| Untracked 
|  78|0x0000000086200000, 0x0000000086200000, 0x0000000086300000|  0%| F|  |TAMS 0x0000000086200000| PB 0x0000000086200000| Untracked 
|  79|0x0000000086300000, 0x0000000086300000, 0x0000000086400000|  0%| F|  |TAMS 0x0000000086300000| PB 0x0000000086300000| Untracked 
|  80|0x0000000086400000, 0x0000000086500000, 0x0000000086500000|100%| O|  |TAMS 0x0000000086500000| PB 0x0000000086400000| Untracked 
|  81|0x0000000086500000, 0x0000000086600000, 0x0000000086600000|100%| O|  |TAMS 0x0000000086600000| PB 0x0000000086500000| Untracked 
|  82|0x0000000086600000, 0x0000000086600000, 0x0000000086700000|  0%| F|  |TAMS 0x0000000086600000| PB 0x0000000086600000| Untracked 
|  83|0x0000000086700000, 0x0000000086700000, 0x0000000086800000|  0%| F|  |TAMS 0x0000000086700000| PB 0x0000000086700000| Untracked 
|  84|0x0000000086800000, 0x0000000086800000, 0x0000000086900000|  0%| F|  |TAMS 0x0000000086800000| PB 0x0000000086800000| Untracked 
|  85|0x0000000086900000, 0x0000000086900000, 0x0000000086a00000|  0%| F|  |TAMS 0x0000000086900000| PB 0x0000000086900000| Untracked 
|  86|0x0000000086a00000, 0x0000000086a00000, 0x0000000086b00000|  0%| F|  |TAMS 0x0000000086a00000| PB 0x0000000086a00000| Untracked 
|  87|0x0000000086b00000, 0x0000000086b00000, 0x0000000086c00000|  0%| F|  |TAMS 0x0000000086b00000| PB 0x0000000086b00000| Untracked 
|  88|0x0000000086c00000, 0x0000000086c00000, 0x0000000086d00000|  0%| F|  |TAMS 0x0000000086c00000| PB 0x0000000086c00000| Untracked 
|  89|0x0000000086d00000, 0x0000000086e00000, 0x0000000086e00000|100%| O|  |TAMS 0x0000000086e00000| PB 0x0000000086d00000| Untracked 
|  90|0x0000000086e00000, 0x0000000086e00000, 0x0000000086f00000|  0%| F|  |TAMS 0x0000000086e00000| PB 0x0000000086e00000| Untracked 
|  91|0x0000000086f00000, 0x0000000087000000, 0x0000000087000000|100%| O|  |TAMS 0x0000000087000000| PB 0x0000000086f00000| Untracked 
|  92|0x0000000087000000, 0x0000000087100000, 0x0000000087100000|100%| O|  |TAMS 0x0000000087100000| PB 0x0000000087000000| Untracked 
|  93|0x0000000087100000, 0x0000000087200000, 0x0000000087200000|100%| O|  |TAMS 0x0000000087200000| PB 0x0000000087100000| Untracked 
|  94|0x0000000087200000, 0x0000000087300000, 0x0000000087300000|100%| O|  |TAMS 0x0000000087300000| PB 0x0000000087200000| Untracked 
|  95|0x0000000087300000, 0x0000000087400000, 0x0000000087400000|100%| O|  |TAMS 0x0000000087400000| PB 0x0000000087300000| Untracked 
|  96|0x0000000087400000, 0x0000000087500000, 0x0000000087500000|100%| O|  |TAMS 0x0000000087500000| PB 0x0000000087400000| Untracked 
|  97|0x0000000087500000, 0x0000000087600000, 0x0000000087600000|100%| O|  |TAMS 0x0000000087600000| PB 0x0000000087500000| Untracked 
|  98|0x0000000087600000, 0x0000000087700000, 0x0000000087700000|100%| O|  |TAMS 0x0000000087700000| PB 0x0000000087600000| Untracked 
|  99|0x0000000087700000, 0x0000000087800000, 0x0000000087800000|100%| O|  |TAMS 0x0000000087800000| PB 0x0000000087700000| Untracked 
| 100|0x0000000087800000, 0x0000000087900000, 0x0000000087900000|100%| O|  |TAMS 0x0000000087900000| PB 0x0000000087800000| Untracked 
| 101|0x0000000087900000, 0x0000000087a00000, 0x0000000087a00000|100%| O|  |TAMS 0x0000000087a00000| PB 0x0000000087900000| Untracked 
| 102|0x0000000087a00000, 0x0000000087b00000, 0x0000000087b00000|100%| O|  |TAMS 0x0000000087b00000| PB 0x0000000087a00000| Untracked 
| 103|0x0000000087b00000, 0x0000000087c00000, 0x0000000087c00000|100%| O|  |TAMS 0x0000000087c00000| PB 0x0000000087b00000| Untracked 
| 104|0x0000000087c00000, 0x0000000087c00000, 0x0000000087d00000|  0%| F|  |TAMS 0x0000000087c00000| PB 0x0000000087c00000| Untracked 
| 105|0x0000000087d00000, 0x0000000087d00000, 0x0000000087e00000|  0%| F|  |TAMS 0x0000000087d00000| PB 0x0000000087d00000| Untracked 
| 106|0x0000000087e00000, 0x0000000087e00000, 0x0000000087f00000|  0%| F|  |TAMS 0x0000000087e00000| PB 0x0000000087e00000| Untracked 
| 107|0x0000000087f00000, 0x0000000087f00000, 0x0000000088000000|  0%| F|  |TAMS 0x0000000087f00000| PB 0x0000000087f00000| Untracked 
| 108|0x0000000088000000, 0x0000000088000000, 0x0000000088100000|  0%| F|  |TAMS 0x0000000088000000| PB 0x0000000088000000| Untracked 
| 109|0x0000000088100000, 0x0000000088100000, 0x0000000088200000|  0%| F|  |TAMS 0x0000000088100000| PB 0x0000000088100000| Untracked 
| 110|0x0000000088200000, 0x0000000088200000, 0x0000000088300000|  0%| F|  |TAMS 0x0000000088200000| PB 0x0000000088200000| Untracked 
| 111|0x0000000088300000, 0x0000000088300000, 0x0000000088400000|  0%| F|  |TAMS 0x0000000088300000| PB 0x0000000088300000| Untracked 
| 112|0x0000000088400000, 0x0000000088400000, 0x0000000088500000|  0%| F|  |TAMS 0x0000000088400000| PB 0x0000000088400000| Untracked 
| 113|0x0000000088500000, 0x0000000088500000, 0x0000000088600000|  0%| F|  |TAMS 0x0000000088500000| PB 0x0000000088500000| Untracked 
| 114|0x0000000088600000, 0x0000000088600000, 0x0000000088700000|  0%| F|  |TAMS 0x0000000088600000| PB 0x0000000088600000| Untracked 
| 115|0x0000000088700000, 0x0000000088700000, 0x0000000088800000|  0%| F|  |TAMS 0x0000000088700000| PB 0x0000000088700000| Untracked 
| 116|0x0000000088800000, 0x0000000088800000, 0x0000000088900000|  0%| F|  |TAMS 0x0000000088800000| PB 0x0000000088800000| Untracked 
| 117|0x0000000088900000, 0x0000000088900000, 0x0000000088a00000|  0%| F|  |TAMS 0x0000000088900000| PB 0x0000000088900000| Untracked 
| 118|0x0000000088a00000, 0x0000000088a00000, 0x0000000088b00000|  0%| F|  |TAMS 0x0000000088a00000| PB 0x0000000088a00000| Untracked 
| 119|0x0000000088b00000, 0x0000000088b00000, 0x0000000088c00000|  0%| F|  |TAMS 0x0000000088b00000| PB 0x0000000088b00000| Untracked 
| 120|0x0000000088c00000, 0x0000000088c00000, 0x0000000088d00000|  0%| F|  |TAMS 0x0000000088c00000| PB 0x0000000088c00000| Untracked 
| 121|0x0000000088d00000, 0x0000000088d00000, 0x0000000088e00000|  0%| F|  |TAMS 0x0000000088d00000| PB 0x0000000088d00000| Untracked 
| 122|0x0000000088e00000, 0x0000000088e00000, 0x0000000088f00000|  0%| F|  |TAMS 0x0000000088e00000| PB 0x0000000088e00000| Untracked 
| 123|0x0000000088f00000, 0x0000000088f00000, 0x0000000089000000|  0%| F|  |TAMS 0x0000000088f00000| PB 0x0000000088f00000| Untracked 
| 124|0x0000000089000000, 0x0000000089000000, 0x0000000089100000|  0%| F|  |TAMS 0x0000000089000000| PB 0x0000000089000000| Untracked 
| 125|0x0000000089100000, 0x0000000089100000, 0x0000000089200000|  0%| F|  |TAMS 0x0000000089100000| PB 0x0000000089100000| Untracked 
| 126|0x0000000089200000, 0x0000000089200000, 0x0000000089300000|  0%| F|  |TAMS 0x0000000089200000| PB 0x0000000089200000| Untracked 
| 127|0x0000000089300000, 0x0000000089300000, 0x0000000089400000|  0%| F|  |TAMS 0x0000000089300000| PB 0x0000000089300000| Untracked 
| 128|0x0000000089400000, 0x00000000894509a8, 0x0000000089500000| 31%| S|CS|TAMS 0x0000000089400000| PB 0x0000000089400000| Complete 
| 129|0x0000000089500000, 0x0000000089600000, 0x0000000089600000|100%| S|CS|TAMS 0x0000000089500000| PB 0x0000000089500000| Complete 
| 130|0x0000000089600000, 0x0000000089700000, 0x0000000089700000|100%| S|CS|TAMS 0x0000000089600000| PB 0x0000000089600000| Complete 
| 131|0x0000000089700000, 0x0000000089800000, 0x0000000089800000|100%| S|CS|TAMS 0x0000000089700000| PB 0x0000000089700000| Complete 
| 132|0x0000000089800000, 0x0000000089800000, 0x0000000089900000|  0%| F|  |TAMS 0x0000000089800000| PB 0x0000000089800000| Untracked 
| 133|0x0000000089900000, 0x0000000089900000, 0x0000000089a00000|  0%| F|  |TAMS 0x0000000089900000| PB 0x0000000089900000| Untracked 
| 134|0x0000000089a00000, 0x0000000089a00000, 0x0000000089b00000|  0%| F|  |TAMS 0x0000000089a00000| PB 0x0000000089a00000| Untracked 
| 135|0x0000000089b00000, 0x0000000089b00000, 0x0000000089c00000|  0%| F|  |TAMS 0x0000000089b00000| PB 0x0000000089b00000| Untracked 
| 136|0x0000000089c00000, 0x0000000089c00000, 0x0000000089d00000|  0%| F|  |TAMS 0x0000000089c00000| PB 0x0000000089c00000| Untracked 
| 137|0x0000000089d00000, 0x0000000089d00000, 0x0000000089e00000|  0%| F|  |TAMS 0x0000000089d00000| PB 0x0000000089d00000| Untracked 
| 138|0x0000000089e00000, 0x0000000089e00000, 0x0000000089f00000|  0%| F|  |TAMS 0x0000000089e00000| PB 0x0000000089e00000| Untracked 
| 139|0x0000000089f00000, 0x0000000089f00000, 0x000000008a000000|  0%| F|  |TAMS 0x0000000089f00000| PB 0x0000000089f00000| Untracked 
| 140|0x000000008a000000, 0x000000008a000000, 0x000000008a100000|  0%| F|  |TAMS 0x000000008a000000| PB 0x000000008a000000| Untracked 
| 141|0x000000008a100000, 0x000000008a100000, 0x000000008a200000|  0%| F|  |TAMS 0x000000008a100000| PB 0x000000008a100000| Untracked 
| 142|0x000000008a200000, 0x000000008a200000, 0x000000008a300000|  0%| F|  |TAMS 0x000000008a200000| PB 0x000000008a200000| Untracked 
| 143|0x000000008a300000, 0x000000008a300000, 0x000000008a400000|  0%| F|  |TAMS 0x000000008a300000| PB 0x000000008a300000| Untracked 
| 144|0x000000008a400000, 0x000000008a400000, 0x000000008a500000|  0%| F|  |TAMS 0x000000008a400000| PB 0x000000008a400000| Untracked 
| 145|0x000000008a500000, 0x000000008a500000, 0x000000008a600000|  0%| F|  |TAMS 0x000000008a500000| PB 0x000000008a500000| Untracked 
| 146|0x000000008a600000, 0x000000008a600000, 0x000000008a700000|  0%| F|  |TAMS 0x000000008a600000| PB 0x000000008a600000| Untracked 
| 147|0x000000008a700000, 0x000000008a700000, 0x000000008a800000|  0%| F|  |TAMS 0x000000008a700000| PB 0x000000008a700000| Untracked 
| 148|0x000000008a800000, 0x000000008a800000, 0x000000008a900000|  0%| F|  |TAMS 0x000000008a800000| PB 0x000000008a800000| Untracked 
| 149|0x000000008a900000, 0x000000008a900000, 0x000000008aa00000|  0%| F|  |TAMS 0x000000008a900000| PB 0x000000008a900000| Untracked 
| 150|0x000000008aa00000, 0x000000008aa00000, 0x000000008ab00000|  0%| F|  |TAMS 0x000000008aa00000| PB 0x000000008aa00000| Untracked 
| 151|0x000000008ab00000, 0x000000008ab00000, 0x000000008ac00000|  0%| F|  |TAMS 0x000000008ab00000| PB 0x000000008ab00000| Untracked 
| 152|0x000000008ac00000, 0x000000008ac00000, 0x000000008ad00000|  0%| F|  |TAMS 0x000000008ac00000| PB 0x000000008ac00000| Untracked 
| 153|0x000000008ad00000, 0x000000008ad00000, 0x000000008ae00000|  0%| F|  |TAMS 0x000000008ad00000| PB 0x000000008ad00000| Untracked 
| 154|0x000000008ae00000, 0x000000008ae00000, 0x000000008af00000|  0%| F|  |TAMS 0x000000008ae00000| PB 0x000000008ae00000| Untracked 
| 155|0x000000008af00000, 0x000000008af00000, 0x000000008b000000|  0%| F|  |TAMS 0x000000008af00000| PB 0x000000008af00000| Untracked 
| 156|0x000000008b000000, 0x000000008b000000, 0x000000008b100000|  0%| F|  |TAMS 0x000000008b000000| PB 0x000000008b000000| Untracked 
| 157|0x000000008b100000, 0x000000008b100000, 0x000000008b200000|  0%| F|  |TAMS 0x000000008b100000| PB 0x000000008b100000| Untracked 
| 158|0x000000008b200000, 0x000000008b200000, 0x000000008b300000|  0%| F|  |TAMS 0x000000008b200000| PB 0x000000008b200000| Untracked 
| 159|0x000000008b300000, 0x000000008b300000, 0x000000008b400000|  0%| F|  |TAMS 0x000000008b300000| PB 0x000000008b300000| Untracked 
| 160|0x000000008b400000, 0x000000008b400000, 0x000000008b500000|  0%| F|  |TAMS 0x000000008b400000| PB 0x000000008b400000| Untracked 
| 161|0x000000008b500000, 0x000000008b500000, 0x000000008b600000|  0%| F|  |TAMS 0x000000008b500000| PB 0x000000008b500000| Untracked 
| 162|0x000000008b600000, 0x000000008b600000, 0x000000008b700000|  0%| F|  |TAMS 0x000000008b600000| PB 0x000000008b600000| Untracked 
| 163|0x000000008b700000, 0x000000008b700000, 0x000000008b800000|  0%| F|  |TAMS 0x000000008b700000| PB 0x000000008b700000| Untracked 
| 164|0x000000008b800000, 0x000000008b800000, 0x000000008b900000|  0%| F|  |TAMS 0x000000008b800000| PB 0x000000008b800000| Untracked 
| 165|0x000000008b900000, 0x000000008b900000, 0x000000008ba00000|  0%| F|  |TAMS 0x000000008b900000| PB 0x000000008b900000| Untracked 
| 166|0x000000008ba00000, 0x000000008ba00000, 0x000000008bb00000|  0%| F|  |TAMS 0x000000008ba00000| PB 0x000000008ba00000| Untracked 

Card table byte_map: [0x000001fa39830000,0x000001fa39c30000] _byte_map_base: 0x000001fa39426000

Marking Bits: (CMBitMap*) 0x000001fa21cf6480
 Bits: [0x000001fa39c30000, 0x000001fa3bbe0000)

Polling page: 0x000001fa21470000

Metaspace:

Usage:
  Non-class:     22.29 MB used.
      Class:      2.65 MB used.
       Both:     24.94 MB used.

Virtual space:
  Non-class space:       64.00 MB reserved,      22.56 MB ( 35%) committed,  1 nodes.
      Class space:        1.00 GB reserved,       2.88 MB ( <1%) committed,  1 nodes.
             Both:        1.06 GB reserved,      25.44 MB (  2%) committed. 

Chunk freelists:
   Non-Class:  9.11 MB
       Class:  13.19 MB
        Both:  22.30 MB

MaxMetaspaceSize: unlimited
CompressedClassSpaceSize: 1.00 GB
Initial GC threshold: 21.00 MB
Current GC threshold: 42.31 MB
CDS: on
 - commit_granule_bytes: 65536.
 - commit_granule_words: 8192.
 - virtual_space_node_default_size: 8388608.
 - enlarge_chunks_in_place: 1.
 - use_allocation_guard: 0.


Internal statistics:

num_allocs_failed_limit: 8.
num_arena_births: 434.
num_arena_deaths: 0.
num_vsnodes_births: 2.
num_vsnodes_deaths: 0.
num_space_committed: 407.
num_space_uncommitted: 0.
num_chunks_returned_to_freelist: 8.
num_chunks_taken_from_freelist: 1324.
num_chunk_merges: 8.
num_chunk_splits: 909.
num_chunks_enlarged: 681.
num_inconsistent_stats: 0.

CodeHeap 'non-profiled nmethods': size=120000Kb used=4332Kb max_used=4578Kb free=115668Kb
 bounds [0x000001fa31bd0000, 0x000001fa32070000, 0x000001fa39100000]
CodeHeap 'profiled nmethods': size=120000Kb used=12090Kb max_used=14472Kb free=107909Kb
 bounds [0x000001fa2a100000, 0x000001fa2af30000, 0x000001fa31630000]
CodeHeap 'non-nmethods': size=5760Kb used=1442Kb max_used=1528Kb free=4317Kb
 bounds [0x000001fa31630000, 0x000001fa318a0000, 0x000001fa31bd0000]
 total_blobs=6470 nmethods=5939 adapters=434
 compilation: enabled
              stopped_count=0, restarted_count=0
 full_count=0

Compilation events (20 events):
Event: 34.384 Thread 0x000001fa84efe9d0 nmethod 7316 0x000001fa31c46590 code [0x000001fa31c46780, 0x000001fa31c46c38]
Event: 34.414 Thread 0x000001fa84efe9d0 7317       4       java.io.WinNTFileSystem::resolve (326 bytes)
Event: 34.439 Thread 0x000001fa84efe9d0 nmethod 7317 0x000001fa31dabc90 code [0x000001fa31dabf00, 0x000001fa31dad148]
Event: 34.457 Thread 0x000001fa84efe9d0 7318       4       java.nio.channels.spi.AbstractInterruptibleChannel::begin (48 bytes)
Event: 34.465 Thread 0x000001fa84efe9d0 nmethod 7318 0x000001fa31dab310 code [0x000001fa31dab4c0, 0x000001fa31daba08]
Event: 34.465 Thread 0x000001fa84efe9d0 7320       4       java.util.Properties::load0 (249 bytes)
Event: 34.491 Thread 0x000001fa84efe9d0 nmethod 7320 0x000001fa31e1ef90 code [0x000001fa31e1f1c0, 0x000001fa31e1fcc0]
Event: 34.491 Thread 0x000001fa84efe9d0 7319       4       java.nio.channels.spi.AbstractInterruptibleChannel::end (53 bytes)
Event: 34.495 Thread 0x000001fa84efe9d0 nmethod 7319 0x000001fa31df4110 code [0x000001fa31df42c0, 0x000001fa31df45e8]
Event: 34.507 Thread 0x000001fa84efe9d0 7321   !   4       java.io.WinNTFileSystem::getBooleanAttributes (27 bytes)
Event: 34.509 Thread 0x000001fa84efe9d0 nmethod 7321 0x000001fa31e1eb10 code [0x000001fa31e1ecc0, 0x000001fa31e1ee10]
Event: 34.520 Thread 0x000001fa3e60dc70 7322   !   3       sun.nio.fs.WindowsLinkSupport::getRealPath (500 bytes)
Event: 34.527 Thread 0x000001fa3e60dc70 nmethod 7322 0x000001fa2a90cc90 code [0x000001fa2a90d3c0, 0x000001fa2a910c90]
Event: 34.547 Thread 0x000001fa84efe9d0 7323       4       java.nio.file.Files::readAttributes (11 bytes)
Event: 34.569 Thread 0x000001fa3e60c920 nmethod 7312 0x000001fa31fd2890 code [0x000001fa31fd2ea0, 0x000001fa31fd8388]
Event: 34.570 Thread 0x000001fa3e60dc70 7324       3       sun.nio.fs.WindowsPath::compareTo (118 bytes)
Event: 34.573 Thread 0x000001fa3e60dc70 nmethod 7324 0x000001fa2a838710 code [0x000001fa2a838a40, 0x000001fa2a839ec8]
Event: 34.589 Thread 0x000001fa3e60c920 7325       4       java.util.regex.Pattern::compile (537 bytes)
Event: 34.599 Thread 0x000001fa3e60dc70 7327       3       io.quarkus.bootstrap.resolver.maven.ApplicationDependencyTreeResolver::isWalkingFlagOn (15 bytes)
Event: 34.599 Thread 0x000001fa3e60dc70 nmethod 7327 0x000001fa2a386210 code [0x000001fa2a3863a0, 0x000001fa2a386508]

GC Heap History (20 events):
Event: 28.716 GC heap after
{Heap after GC invocations=10 (full 0):
 garbage-first heap   total 131072K, used 64894K [0x0000000081400000, 0x0000000100000000)
  region size 1024K, 8 young (8192K), 8 survivors (8192K)
 Metaspace       used 23459K, committed 23936K, reserved 1114112K
  class space    used 2526K, committed 2752K, reserved 1048576K
}
Event: 29.455 GC heap before
{Heap before GC invocations=10 (full 0):
 garbage-first heap   total 131072K, used 84350K [0x0000000081400000, 0x0000000100000000)
  region size 1024K, 26 young (26624K), 8 survivors (8192K)
 Metaspace       used 23963K, committed 24320K, reserved 1114112K
  class space    used 2577K, committed 2752K, reserved 1048576K
}
Event: 29.474 GC heap after
{Heap after GC invocations=11 (full 0):
 garbage-first heap   total 131072K, used 71168K [0x0000000081400000, 0x0000000100000000)
  region size 1024K, 4 young (4096K), 4 survivors (4096K)
 Metaspace       used 23963K, committed 24320K, reserved 1114112K
  class space    used 2577K, committed 2752K, reserved 1048576K
}
Event: 30.704 GC heap before
{Heap before GC invocations=12 (full 0):
 garbage-first heap   total 131072K, used 114176K [0x0000000081400000, 0x0000000100000000)
  region size 1024K, 44 young (45056K), 4 survivors (4096K)
 Metaspace       used 24136K, committed 24576K, reserved 1114112K
  class space    used 2592K, committed 2752K, reserved 1048576K
}
Event: 30.717 GC heap after
{Heap after GC invocations=13 (full 0):
 garbage-first heap   total 131072K, used 78848K [0x0000000081400000, 0x0000000100000000)
  region size 1024K, 6 young (6144K), 6 survivors (6144K)
 Metaspace       used 24136K, committed 24576K, reserved 1114112K
  class space    used 2592K, committed 2752K, reserved 1048576K
}
Event: 30.996 GC heap before
{Heap before GC invocations=13 (full 0):
 garbage-first heap   total 131072K, used 113664K [0x0000000081400000, 0x0000000100000000)
  region size 1024K, 40 young (40960K), 6 survivors (6144K)
 Metaspace       used 24153K, committed 24576K, reserved 1114112K
  class space    used 2592K, committed 2752K, reserved 1048576K
}
Event: 31.013 GC heap after
{Heap after GC invocations=14 (full 0):
 garbage-first heap   total 131072K, used 86016K [0x0000000081400000, 0x0000000100000000)
  region size 1024K, 5 young (5120K), 5 survivors (5120K)
 Metaspace       used 24153K, committed 24576K, reserved 1114112K
  class space    used 2592K, committed 2752K, reserved 1048576K
}
Event: 31.687 GC heap before
{Heap before GC invocations=14 (full 0):
 garbage-first heap   total 131072K, used 113664K [0x0000000081400000, 0x0000000100000000)
  region size 1024K, 32 young (32768K), 5 survivors (5120K)
 Metaspace       used 24448K, committed 24832K, reserved 1114112K
  class space    used 2626K, committed 2816K, reserved 1048576K
}
Event: 31.704 GC heap after
{Heap after GC invocations=15 (full 0):
 garbage-first heap   total 158720K, used 95232K [0x0000000081400000, 0x0000000100000000)
  region size 1024K, 4 young (4096K), 4 survivors (4096K)
 Metaspace       used 24448K, committed 24832K, reserved 1114112K
  class space    used 2626K, committed 2816K, reserved 1048576K
}
Event: 32.646 GC heap before
{Heap before GC invocations=16 (full 0):
 garbage-first heap   total 158720K, used 130048K [0x0000000081400000, 0x0000000100000000)
  region size 1024K, 42 young (43008K), 4 survivors (4096K)
 Metaspace       used 25449K, committed 25920K, reserved 1114112K
  class space    used 2716K, committed 2880K, reserved 1048576K
}
Event: 32.662 GC heap after
{Heap after GC invocations=17 (full 0):
 garbage-first heap   total 158720K, used 99328K [0x0000000081400000, 0x0000000100000000)
  region size 1024K, 6 young (6144K), 6 survivors (6144K)
 Metaspace       used 25449K, committed 25920K, reserved 1114112K
  class space    used 2716K, committed 2880K, reserved 1048576K
}
Event: 32.954 GC heap before
{Heap before GC invocations=17 (full 0):
 garbage-first heap   total 158720K, used 135168K [0x0000000081400000, 0x0000000100000000)
  region size 1024K, 41 young (41984K), 6 survivors (6144K)
 Metaspace       used 25502K, committed 25920K, reserved 1114112K
  class space    used 2717K, committed 2880K, reserved 1048576K
}
Event: 32.973 GC heap after
{Heap after GC invocations=18 (full 0):
 garbage-first heap   total 158720K, used 105391K [0x0000000081400000, 0x0000000100000000)
  region size 1024K, 6 young (6144K), 6 survivors (6144K)
 Metaspace       used 25502K, committed 25920K, reserved 1114112K
  class space    used 2717K, committed 2880K, reserved 1048576K
}
Event: 33.182 GC heap before
{Heap before GC invocations=18 (full 0):
 garbage-first heap   total 158720K, used 137135K [0x0000000081400000, 0x0000000100000000)
  region size 1024K, 37 young (37888K), 6 survivors (6144K)
 Metaspace       used 25506K, committed 25984K, reserved 1114112K
  class space    used 2717K, committed 2944K, reserved 1048576K
}
Event: 33.198 GC heap after
{Heap after GC invocations=19 (full 0):
 garbage-first heap   total 158720K, used 111616K [0x0000000081400000, 0x0000000100000000)
  region size 1024K, 5 young (5120K), 5 survivors (5120K)
 Metaspace       used 25506K, committed 25984K, reserved 1114112K
  class space    used 2717K, committed 2944K, reserved 1048576K
}
Event: 33.452 GC heap before
{Heap before GC invocations=20 (full 0):
 garbage-first heap   total 171008K, used 117760K [0x0000000081400000, 0x0000000100000000)
  region size 1024K, 32 young (32768K), 5 survivors (5120K)
 Metaspace       used 25517K, committed 25984K, reserved 1114112K
  class space    used 2717K, committed 2944K, reserved 1048576K
}
Event: 33.464 GC heap after
{Heap after GC invocations=21 (full 0):
 garbage-first heap   total 171008K, used 94553K [0x0000000081400000, 0x0000000100000000)
  region size 1024K, 4 young (4096K), 4 survivors (4096K)
 Metaspace       used 25517K, committed 25984K, reserved 1114112K
  class space    used 2717K, committed 2944K, reserved 1048576K
}
Event: 33.804 GC heap before
{Heap before GC invocations=21 (full 0):
 garbage-first heap   total 171008K, used 141657K [0x0000000081400000, 0x0000000100000000)
  region size 1024K, 50 young (51200K), 4 survivors (4096K)
 Metaspace       used 25527K, committed 25984K, reserved 1114112K
  class space    used 2717K, committed 2944K, reserved 1048576K
}
Event: 33.822 GC heap after
{Heap after GC invocations=22 (full 0):
 garbage-first heap   total 171008K, used 89911K [0x0000000081400000, 0x0000000100000000)
  region size 1024K, 7 young (7168K), 7 survivors (7168K)
 Metaspace       used 25527K, committed 25984K, reserved 1114112K
  class space    used 2717K, committed 2944K, reserved 1048576K
}
Event: 34.609 GC heap before
{Heap before GC invocations=22 (full 0):
 garbage-first heap   total 171008K, used 124727K [0x0000000081400000, 0x0000000100000000)
  region size 1024K, 42 young (43008K), 7 survivors (7168K)
 Metaspace       used 25540K, committed 26048K, reserved 1114112K
  class space    used 2717K, committed 2944K, reserved 1048576K
}

Dll operation events (12 events):
Event: 0.016 Loaded shared library C:\Users\hp\.jdks\openjdk-21.0.2\bin\java.dll
Event: 0.074 Loaded shared library C:\Users\hp\.jdks\openjdk-21.0.2\bin\jsvml.dll
Event: 0.170 Loaded shared library C:\Users\hp\.jdks\openjdk-21.0.2\bin\zip.dll
Event: 0.176 Loaded shared library C:\Users\hp\.jdks\openjdk-21.0.2\bin\instrument.dll
Event: 0.184 Loaded shared library C:\Users\hp\.jdks\openjdk-21.0.2\bin\net.dll
Event: 0.187 Loaded shared library C:\Users\hp\.jdks\openjdk-21.0.2\bin\nio.dll
Event: 0.195 Loaded shared library C:\Users\hp\.jdks\openjdk-21.0.2\bin\zip.dll
Event: 0.231 Loaded shared library C:\Program Files\JetBrains\IntelliJ IDEA 2023.3.3\bin\breakgen64.dll
Event: 0.255 Loaded shared library C:\Users\hp\.jdks\openjdk-21.0.2\bin\extnet.dll
Event: 0.513 Loaded shared library C:\Users\hp\.jdks\openjdk-21.0.2\bin\jimage.dll
Event: 1.596 Loaded shared library C:\Users\hp\AppData\Local\Temp\jansi-2.4.0-9c4dcd6bc9dc9b39-jansi.dll
Event: 1.621 Loaded shared library C:\Users\hp\.jdks\openjdk-21.0.2\bin\verify.dll

Deoptimization events (20 events):
Event: 33.974 Thread 0x000001fa1fb82af0 DEOPT PACKING pc=0x000001fa31ff99d4 sp=0x000000cde69fb3d0
Event: 33.974 Thread 0x000001fa1fb82af0 DEOPT UNPACKING pc=0x000001fa316846a2 sp=0x000000cde69fb390 mode 2
Event: 34.459 Thread 0x000001fa1fb82af0 DEOPT PACKING pc=0x000001fa2ad5f330 sp=0x000000cde69fd2b0
Event: 34.459 Thread 0x000001fa1fb82af0 DEOPT UNPACKING pc=0x000001fa31684e42 sp=0x000000cde69fc758 mode 0
Event: 34.588 Thread 0x000001fa1fb82af0 Uncommon trap: trap_request=0xffffffbe fr.pc=0x000001fa31eaf584 relative=0x0000000000000fe4
Event: 34.588 Thread 0x000001fa1fb82af0 Uncommon trap: reason=profile_predicate action=maybe_recompile pc=0x000001fa31eaf584 method=java.util.regex.Pattern$BnM.optimize(Ljava/util/regex/Pattern$Node;)Ljava/util/regex/Pattern$Node; @ 67 c2
Event: 34.588 Thread 0x000001fa1fb82af0 DEOPT PACKING pc=0x000001fa31eaf584 sp=0x000000cde69fd5a0
Event: 34.588 Thread 0x000001fa1fb82af0 DEOPT UNPACKING pc=0x000001fa316846a2 sp=0x000000cde69fd500 mode 2
Event: 34.589 Thread 0x000001fa1fb82af0 Uncommon trap: trap_request=0xffffffbe fr.pc=0x000001fa31eaf584 relative=0x0000000000000fe4
Event: 34.589 Thread 0x000001fa1fb82af0 Uncommon trap: reason=profile_predicate action=maybe_recompile pc=0x000001fa31eaf584 method=java.util.regex.Pattern$BnM.optimize(Ljava/util/regex/Pattern$Node;)Ljava/util/regex/Pattern$Node; @ 67 c2
Event: 34.589 Thread 0x000001fa1fb82af0 DEOPT PACKING pc=0x000001fa31eaf584 sp=0x000000cde69fd5a0
Event: 34.589 Thread 0x000001fa1fb82af0 DEOPT UNPACKING pc=0x000001fa316846a2 sp=0x000000cde69fd500 mode 2
Event: 34.589 Thread 0x000001fa1fb82af0 Uncommon trap: trap_request=0xffffffbe fr.pc=0x000001fa31eaf584 relative=0x0000000000000fe4
Event: 34.589 Thread 0x000001fa1fb82af0 Uncommon trap: reason=profile_predicate action=maybe_recompile pc=0x000001fa31eaf584 method=java.util.regex.Pattern$BnM.optimize(Ljava/util/regex/Pattern$Node;)Ljava/util/regex/Pattern$Node; @ 67 c2
Event: 34.589 Thread 0x000001fa1fb82af0 DEOPT PACKING pc=0x000001fa31eaf584 sp=0x000000cde69fd5a0
Event: 34.589 Thread 0x000001fa1fb82af0 DEOPT UNPACKING pc=0x000001fa316846a2 sp=0x000000cde69fd500 mode 2
Event: 34.589 Thread 0x000001fa1fb82af0 Uncommon trap: trap_request=0xffffffbe fr.pc=0x000001fa31eaf584 relative=0x0000000000000fe4
Event: 34.589 Thread 0x000001fa1fb82af0 Uncommon trap: reason=profile_predicate action=maybe_recompile pc=0x000001fa31eaf584 method=java.util.regex.Pattern$BnM.optimize(Ljava/util/regex/Pattern$Node;)Ljava/util/regex/Pattern$Node; @ 67 c2
Event: 34.589 Thread 0x000001fa1fb82af0 DEOPT PACKING pc=0x000001fa31eaf584 sp=0x000000cde69fd5a0
Event: 34.589 Thread 0x000001fa1fb82af0 DEOPT UNPACKING pc=0x000001fa316846a2 sp=0x000000cde69fd500 mode 2

Classes loaded (20 events):
Event: 32.247 Loading class java/io/InterruptedIOException
Event: 32.247 Loading class java/io/InterruptedIOException done
Event: 32.247 Loading class java/nio/channels/ClosedChannelException
Event: 32.248 Loading class java/nio/channels/ClosedChannelException done
Event: 32.250 Loading class java/nio/channels/NonWritableChannelException
Event: 32.250 Loading class java/nio/channels/NonWritableChannelException done
Event: 32.271 Loading class java/util/ResourceBundle$CacheKey
Event: 32.271 Loading class java/util/ResourceBundle$CacheKey done
Event: 32.507 Loading class java/io/FileWriter
Event: 32.508 Loading class java/io/FileWriter done
Event: 32.553 Loading class jdk/internal/reflect/MethodHandleIntegerFieldAccessorImpl
Event: 32.554 Loading class jdk/internal/reflect/MethodHandleIntegerFieldAccessorImpl done
Event: 32.557 Loading class java/util/concurrent/ConcurrentLinkedDeque
Event: 32.557 Loading class java/util/concurrent/ConcurrentLinkedDeque done
Event: 32.557 Loading class java/util/concurrent/ConcurrentLinkedDeque$Node
Event: 32.558 Loading class java/util/concurrent/ConcurrentLinkedDeque$Node done
Event: 32.594 Loading class java/nio/file/attribute/FileTime$1
Event: 32.594 Loading class java/nio/file/attribute/FileTime$1 done
Event: 32.640 Loading class sun/nio/ch/ChannelOutputStream
Event: 32.640 Loading class sun/nio/ch/ChannelOutputStream done

Classes unloaded (0 events):
No events

Classes redefined (0 events):
No events

Internal exceptions (20 events):
Event: 23.551 Thread 0x000001fa1fb82af0 Exception <a 'java/lang/NoSuchMethodError'{0x0000000088f32a60}: 'int java.lang.invoke.DirectMethodHandle$Holder.invokeStaticInit(java.lang.Object, java.lang.Object, java.lang.Object, int)'> (0x0000000088f32a60) 
thrown [s\open\src\hotspot\share\interpreter\linkResolver.cpp, line 773]
Event: 23.681 Thread 0x000001fa1fb82af0 Exception <a 'java/lang/NoSuchMethodError'{0x0000000088d6a3d8}: 'void java.lang.invoke.DirectMethodHandle$Holder.invokeInterface(java.lang.Object, java.lang.Object)'> (0x0000000088d6a3d8) 
thrown [s\open\src\hotspot\share\interpreter\linkResolver.cpp, line 773]
Event: 23.788 Thread 0x000001fa1fb82af0 Exception <a 'java/lang/NoSuchMethodError'{0x0000000088b6b990}: 'java.lang.Object java.lang.invoke.DirectMethodHandle$Holder.newInvokeSpecial(java.lang.Object, java.lang.Object, java.lang.Object, java.lang.Object, java.lang.Object, java.lang.Object, java.lang.Object, java.lang.Object)'> (0x0000000088b6b990) 
thrown [s\open\src\hotspot\share\interpreter\linkResolver.cpp, line 773]
Event: 23.795 Thread 0x000001fa1fb82af0 Exception <a 'java/lang/NoSuchMethodError'{0x0000000088b96470}: 'java.lang.Object java.lang.invoke.DirectMethodHandle$Holder.invokeStatic(java.lang.Object, java.lang.Object, int)'> (0x0000000088b96470) 
thrown [s\open\src\hotspot\share\interpreter\linkResolver.cpp, line 773]
Event: 23.795 Thread 0x000001fa1fb82af0 Exception <a 'java/lang/NoSuchMethodError'{0x0000000088b9ac20}: 'void java.lang.invoke.DirectMethodHandle$Holder.invokeStatic(java.lang.Object, java.lang.Object, int, java.lang.Object)'> (0x0000000088b9ac20) 
thrown [s\open\src\hotspot\share\interpreter\linkResolver.cpp, line 773]
Event: 23.796 Thread 0x000001fa1fb82af0 Exception <a 'java/lang/NoSuchMethodError'{0x0000000088ba1fb0}: 'void java.lang.invoke.DelegatingMethodHandle$Holder.delegate(java.lang.Object, java.lang.Object, int, java.lang.Object)'> (0x0000000088ba1fb0) 
thrown [s\open\src\hotspot\share\interpreter\linkResolver.cpp, line 773]
Event: 23.936 Thread 0x000001fa1fb82af0 Exception <a 'java/lang/NoSuchMethodError'{0x0000000088bff798}: 'java.lang.Object java.lang.invoke.DelegatingMethodHandle$Holder.reinvoke_L(java.lang.Object, java.lang.Object, java.lang.Object, java.lang.Object, java.lang.Object, java.lang.Object, java.lang.Object, java.lang.Object, java.lang.Object, java.lang.Object, java.lang.Object, java.lang.Object, java.lang.Object)'> (0x0000000088bff798) 
thrown [s\open\src\hotspot\share\interpreter\linkResolver.cpp, line 773]
Event: 23.943 Thread 0x000001fa1fb82af0 Exception <a 'java/lang/NoSuchMethodError'{0x0000000088a3f538}: 'java.lang.Object java.lang.invoke.DirectMethodHandle$Holder.invokeStatic(java.lang.Object, java.lang.Object, java.lang.Object, java.lang.Object, java.lang.Object, java.lang.Object, java.lang.Object, java.lang.Object, java.lang.Object, java.lang.Object, java.lang.Object, java.lang.Object, java.lang.Object)'> (0x0000000088a3f538) 
thrown [s\open\src\hotspot\share\interpreter\linkResolver.cpp, line 773]
Event: 23.946 Thread 0x000001fa1fb82af0 Exception <a 'java/lang/NoSuchMethodError'{0x0000000088a5d550}: 'java.lang.Object java.lang.invoke.DirectMethodHandle$Holder.invokeStatic(java.lang.Object, java.lang.Object, java.lang.Object, java.lang.Object, java.lang.Object, java.lang.Object, java.lang.Object, java.lang.Object, java.lang.Object, java.lang.Object, java.lang.Object, java.lang.Object, java.lang.Object, java.lang.Object)'> (0x0000000088a5d550) 
thrown [s\open\src\hotspot\share\interpreter\linkResolver.cpp, line 773]
Event: 23.950 Thread 0x000001fa1fb82af0 Exception <a 'java/lang/NoSuchMethodError'{0x0000000088a7cc60}: 'java.lang.Object java.lang.invoke.DirectMethodHandle$Holder.invokeStatic(java.lang.Object, java.lang.Object, java.lang.Object, java.lang.Object, java.lang.Object, java.lang.Object, java.lang.Object, java.lang.Object, java.lang.Object, java.lang.Object, java.lang.Object, java.lang.Object, java.lang.Object, java.lang.Object, java.lang.Object)'> (0x0000000088a7cc60) 
thrown [s\open\src\hotspot\share\interpreter\linkResolver.cpp, line 773]
Event: 23.953 Thread 0x000001fa1fb82af0 Exception <a 'java/lang/NoSuchMethodError'{0x0000000088a9e958}: 'java.lang.Object java.lang.invoke.DirectMethodHandle$Holder.invokeStatic(java.lang.Object, java.lang.Object, java.lang.Object, java.lang.Object, java.lang.Object, java.lang.Object, java.lang.Object, java.lang.Object, java.lang.Object, java.lang.Object, java.lang.Object, java.lang.Object, java.lang.Object, java.lang.Object, java.lang.Object, java.lang.Object)'> (0x0000000088a9e958) 
thrown [s\open\src\hotspot\share\interpreter\linkResolver.cpp
Event: 24.065 Thread 0x000001fa1fb82af0 Exception <a 'sun/nio/fs/WindowsException'{0x00000000889b08c0}> (0x00000000889b08c0) 
thrown [s\open\src\hotspot\share\prims\jni.cpp, line 520]
Event: 28.838 Thread 0x000001fa1fb82af0 Implicit null exception at 0x000001fa31ef04c6 to 0x000001fa31ef1914
Event: 29.632 Thread 0x000001fa1fb82af0 Exception <a 'java/lang/NoSuchMethodError'{0x00000000891fde50}: 'void java.lang.invoke.DirectMethodHandle$Holder.invokeSpecial(java.lang.Object, java.lang.Object, java.lang.Object, java.lang.Object, java.lang.Object)'> (0x00000000891fde50) 
thrown [s\open\src\hotspot\share\interpreter\linkResolver.cpp, line 773]
Event: 31.246 Thread 0x000001fa1fb82af0 Exception <a 'java/lang/NoSuchMethodError'{0x0000000087f81998}: 'java.lang.Object java.lang.invoke.DirectMethodHandle$Holder.newInvokeSpecial(java.lang.Object, java.lang.Object, java.lang.Object, java.lang.Object, java.lang.Object, java.lang.Object)'> (0x0000000087f81998) 
thrown [s\open\src\hotspot\share\interpreter\linkResolver.cpp, line 773]
Event: 31.273 Thread 0x000001fa1fb82af0 Exception <a 'java/lang/NoSuchMethodError'{0x0000000087ee1c98}: 'java.lang.ClassLoader java.lang.ClassLoader.getPlatformClassLoader(java.lang.Class)'> (0x0000000087ee1c98) 
thrown [s\open\src\hotspot\share\interpreter\linkResolver.cpp, line 773]
Event: 31.659 Thread 0x000001fa1fb82af0 Implicit null exception at 0x000001fa32041104 to 0x000001fa32041bbd
Event: 32.263 Thread 0x000001fa1fb82af0 Exception <a 'java/lang/NoSuchMethodError'{0x0000000089536fa0}: 'void java.lang.invoke.DelegatingMethodHandle$Holder.reinvoke_L(java.lang.Object, java.lang.Object, java.lang.Object, java.lang.Object, java.lang.Object, java.lang.Object, java.lang.Object, java.lang.Object, java.lang.Object, int)'> (0x0000000089536fa0) 
thrown [s\open\src\hotspot\share\interpreter\linkResolver.cpp, line 773]
Event: 32.678 Thread 0x000001fa1fb82af0 Exception <a 'sun/nio/fs/WindowsException'{0x000000008aeaa710}> (0x000000008aeaa710) 
thrown [s\open\src\hotspot\share\prims\jni.cpp, line 520]
Event: 32.718 Thread 0x000001fa1fb82af0 Exception <a 'sun/nio/fs/WindowsException'{0x000000008ab2ac28}> (0x000000008ab2ac28) 
thrown [s\open\src\hotspot\share\prims\jni.cpp, line 520]

ZGC Phase Switch (0 events):
No events

VM Operations (20 events):
Event: 31.822 Executing VM operation: G1PauseRemark done
Event: 31.876 Executing VM operation: G1PauseCleanup
Event: 31.876 Executing VM operation: G1PauseCleanup done
Event: 32.250 Executing VM operation: HandshakeAllThreads (Deoptimize)
Event: 32.250 Executing VM operation: HandshakeAllThreads (Deoptimize) done
Event: 32.646 Executing VM operation: G1CollectForAllocation (G1 Evacuation Pause)
Event: 32.662 Executing VM operation: G1CollectForAllocation (G1 Evacuation Pause) done
Event: 32.954 Executing VM operation: G1CollectForAllocation (G1 Evacuation Pause)
Event: 32.973 Executing VM operation: G1CollectForAllocation (G1 Evacuation Pause) done
Event: 33.182 Executing VM operation: G1CollectForAllocation (G1 Evacuation Pause)
Event: 33.199 Executing VM operation: G1CollectForAllocation (G1 Evacuation Pause) done
Event: 33.317 Executing VM operation: G1PauseRemark
Event: 33.326 Executing VM operation: G1PauseRemark done
Event: 33.379 Executing VM operation: G1PauseCleanup
Event: 33.379 Executing VM operation: G1PauseCleanup done
Event: 33.451 Executing VM operation: G1CollectForAllocation (G1 Evacuation Pause)
Event: 33.464 Executing VM operation: G1CollectForAllocation (G1 Evacuation Pause) done
Event: 33.804 Executing VM operation: G1CollectForAllocation (G1 Evacuation Pause)
Event: 33.822 Executing VM operation: G1CollectForAllocation (G1 Evacuation Pause) done
Event: 34.609 Executing VM operation: G1TryInitiateConcMark (G1 Humongous Allocation)

Events (20 events):
Event: 33.325 Thread 0x000001fa3e5dd040 flushing nmethod 0x000001fa2a30f190
Event: 33.325 Thread 0x000001fa3e5dd040 flushing nmethod 0x000001fa2a197510
Event: 33.325 Thread 0x000001fa3e5dd040 flushing nmethod 0x000001fa2a196790
Event: 33.325 Thread 0x000001fa3e5dd040 flushing nmethod 0x000001fa2a1ad810
Event: 33.325 Thread 0x000001fa3e5dd040 flushing nmethod 0x000001fa2a178d10
Event: 33.325 Thread 0x000001fa3e5dd040 flushing nmethod 0x000001fa2a13c590
Event: 33.325 Thread 0x000001fa3e5dd040 flushing nmethod 0x000001fa2a126210
Event: 33.325 Thread 0x000001fa3e5dd040 flushing nmethod 0x000001fa3201b210
Event: 33.325 Thread 0x000001fa3e5dd040 flushing nmethod 0x000001fa32040b10
Event: 33.325 Thread 0x000001fa3e5dd040 flushing nmethod 0x000001fa32005b10
Event: 33.325 Thread 0x000001fa3e5dd040 flushing nmethod 0x000001fa31fefe90
Event: 33.325 Thread 0x000001fa3e5dd040 flushing nmethod 0x000001fa31f07e10
Event: 33.325 Thread 0x000001fa3e5dd040 flushing nmethod 0x000001fa31ef5790
Event: 33.325 Thread 0x000001fa3e5dd040 flushing nmethod 0x000001fa31ef7e10
Event: 33.325 Thread 0x000001fa3e5dd040 flushing nmethod 0x000001fa31e9d790
Event: 33.325 Thread 0x000001fa3e5dd040 flushing nmethod 0x000001fa31ef4b10
Event: 33.325 Thread 0x000001fa3e5dd040 flushing nmethod 0x000001fa31e35490
Event: 33.325 Thread 0x000001fa3e5dd040 flushing nmethod 0x000001fa31e4c490
Event: 33.325 Thread 0x000001fa3e5dd040 flushing nmethod 0x000001fa31e1e510
Event: 33.326 Thread 0x000001fa3e5dd040 flushing nmethod 0x000001fa31e0e490


Dynamic libraries:
0x00007ff608950000 - 0x00007ff60895e000 	C:\Users\hp\.jdks\openjdk-21.0.2\bin\java.exe
0x00007ff874cb0000 - 0x00007ff874ea8000 	C:\Windows\SYSTEM32\ntdll.dll
0x00007ff8746c0000 - 0x00007ff87477d000 	C:\Windows\System32\KERNEL32.DLL
0x00007ff8726f0000 - 0x00007ff8729e6000 	C:\Windows\System32\KERNELBASE.dll
0x00007ff8729f0000 - 0x00007ff872af0000 	C:\Windows\System32\ucrtbase.dll
0x00007ff86cce0000 - 0x00007ff86ccfb000 	C:\Users\hp\.jdks\openjdk-21.0.2\bin\VCRUNTIME140.dll
0x00007ff86de60000 - 0x00007ff86de78000 	C:\Users\hp\.jdks\openjdk-21.0.2\bin\jli.dll
0x00007ff872cf0000 - 0x00007ff872e8e000 	C:\Windows\System32\USER32.dll
0x00007ff85abc0000 - 0x00007ff85ae5a000 	C:\Windows\WinSxS\amd64_microsoft.windows.common-controls_6595b64144ccf1df_6.0.19041.3636_none_60b6a03d71f818d5\COMCTL32.dll
0x00007ff872af0000 - 0x00007ff872b12000 	C:\Windows\System32\win32u.dll
0x00007ff872e90000 - 0x00007ff872f2e000 	C:\Windows\System32\msvcrt.dll
0x00007ff872f30000 - 0x00007ff872f5b000 	C:\Windows\System32\GDI32.dll
0x00007ff872b20000 - 0x00007ff872c37000 	C:\Windows\System32\gdi32full.dll
0x00007ff872470000 - 0x00007ff87250d000 	C:\Windows\System32\msvcp_win.dll
0x00007ff8748d0000 - 0x00007ff874902000 	C:\Windows\System32\IMM32.DLL
0x00007ff86c9d0000 - 0x00007ff86c9dc000 	C:\Users\hp\.jdks\openjdk-21.0.2\bin\vcruntime140_1.dll
0x00007ff84ecc0000 - 0x00007ff84ed4e000 	C:\Users\hp\.jdks\openjdk-21.0.2\bin\msvcp140.dll
0x00007ff82e350000 - 0x00007ff82f067000 	C:\Users\hp\.jdks\openjdk-21.0.2\bin\server\jvm.dll
0x00007ff8736c0000 - 0x00007ff873773000 	C:\Windows\System32\ADVAPI32.dll
0x00007ff874780000 - 0x00007ff87481f000 	C:\Windows\System32\sechost.dll
0x00007ff873520000 - 0x00007ff873646000 	C:\Windows\System32\RPCRT4.dll
0x00007ff872510000 - 0x00007ff872537000 	C:\Windows\System32\bcrypt.dll
0x00007ff8734b0000 - 0x00007ff87351b000 	C:\Windows\System32\WS2_32.dll
0x00007ff8721d0000 - 0x00007ff87221b000 	C:\Windows\SYSTEM32\POWRPROF.dll
0x00007ff86bd00000 - 0x00007ff86bd0a000 	C:\Windows\SYSTEM32\VERSION.dll
0x00007ff85d640000 - 0x00007ff85d667000 	C:\Windows\SYSTEM32\WINMM.dll
0x00007ff8721b0000 - 0x00007ff8721c2000 	C:\Windows\SYSTEM32\UMPDC.dll
0x00007ff8701e0000 - 0x00007ff8701f2000 	C:\Windows\SYSTEM32\kernel.appcore.dll
0x00007ff86c9c0000 - 0x00007ff86c9ca000 	C:\Users\hp\.jdks\openjdk-21.0.2\bin\jimage.dll
0x00007ff85e040000 - 0x00007ff85e224000 	C:\Windows\SYSTEM32\DBGHELP.DLL
0x00007ff85d020000 - 0x00007ff85d054000 	C:\Windows\SYSTEM32\dbgcore.DLL
0x00007ff8723e0000 - 0x00007ff872462000 	C:\Windows\System32\bcryptPrimitives.dll
0x00007ff86a100000 - 0x00007ff86a10f000 	C:\Users\hp\.jdks\openjdk-21.0.2\bin\instrument.dll
0x00007ff869d90000 - 0x00007ff869daf000 	C:\Users\hp\.jdks\openjdk-21.0.2\bin\java.dll
0x00007ff873850000 - 0x00007ff873f95000 	C:\Windows\System32\SHELL32.dll
0x00007ff8703e0000 - 0x00007ff870b7c000 	C:\Windows\SYSTEM32\windows.storage.dll
0x00007ff874910000 - 0x00007ff874c64000 	C:\Windows\System32\combase.dll
0x00007ff871cd0000 - 0x00007ff871cfe000 	C:\Windows\SYSTEM32\Wldp.dll
0x00007ff873780000 - 0x00007ff87384d000 	C:\Windows\System32\OLEAUT32.dll
0x00007ff873190000 - 0x00007ff87323d000 	C:\Windows\System32\SHCORE.dll
0x00007ff8733f0000 - 0x00007ff873445000 	C:\Windows\System32\shlwapi.dll
0x00007ff8722a0000 - 0x00007ff8722c5000 	C:\Windows\SYSTEM32\profapi.dll
0x00007ff84ebe0000 - 0x00007ff84ecb7000 	C:\Users\hp\.jdks\openjdk-21.0.2\bin\jsvml.dll
0x00007ff8663a0000 - 0x00007ff8663b8000 	C:\Users\hp\.jdks\openjdk-21.0.2\bin\zip.dll
0x00007ff86c9b0000 - 0x00007ff86c9c0000 	C:\Users\hp\.jdks\openjdk-21.0.2\bin\net.dll
0x00007ff869aa0000 - 0x00007ff869baa000 	C:\Windows\SYSTEM32\WINHTTP.dll
0x00007ff8719e0000 - 0x00007ff871a4a000 	C:\Windows\system32\mswsock.dll
0x00007ff869d50000 - 0x00007ff869d66000 	C:\Users\hp\.jdks\openjdk-21.0.2\bin\nio.dll
0x00007ff86dfc0000 - 0x00007ff86dfda000 	C:\Program Files\JetBrains\IntelliJ IDEA 2023.3.3\bin\breakgen64.dll
0x00007ff86c990000 - 0x00007ff86c999000 	C:\Users\hp\.jdks\openjdk-21.0.2\bin\extnet.dll
0x0000000069ac0000 - 0x0000000069ae4000 	C:\Users\hp\AppData\Local\Temp\jansi-2.4.0-9c4dcd6bc9dc9b39-jansi.dll
0x00007ff86c2e0000 - 0x00007ff86c2f0000 	C:\Users\hp\.jdks\openjdk-21.0.2\bin\verify.dll
0x00007ff871b90000 - 0x00007ff871ba8000 	C:\Windows\SYSTEM32\CRYPTSP.dll
0x00007ff871320000 - 0x00007ff871354000 	C:\Windows\system32\rsaenh.dll
0x00007ff872260000 - 0x00007ff87228e000 	C:\Windows\SYSTEM32\USERENV.dll
0x00007ff871bb0000 - 0x00007ff871bbc000 	C:\Windows\SYSTEM32\CRYPTBASE.dll
0x00007ff8716f0000 - 0x00007ff87172b000 	C:\Windows\SYSTEM32\IPHLPAPI.DLL
0x00007ff872f60000 - 0x00007ff872f68000 	C:\Windows\System32\NSI.dll
0x00007ff854d70000 - 0x00007ff854d87000 	C:\Windows\system32\napinsp.dll
0x00007ff854d50000 - 0x00007ff854d6b000 	C:\Windows\system32\pnrpnsp.dll
0x00007ff86d1d0000 - 0x00007ff86d1e5000 	C:\Windows\system32\wshbth.dll
0x00007ff86dcc0000 - 0x00007ff86dcdd000 	C:\Windows\system32\NLAapi.dll
0x00007ff871730000 - 0x00007ff8717fb000 	C:\Windows\SYSTEM32\DNSAPI.dll
0x00007ff854d30000 - 0x00007ff854d42000 	C:\Windows\System32\winrnr.dll
0x00007ff866860000 - 0x00007ff86686a000 	C:\Windows\System32\rasadhlp.dll
0x00007ff8663e0000 - 0x00007ff866460000 	C:\Windows\System32\fwpuclnt.dll

dbghelp: loaded successfully - version: 4.0.5 - missing functions: none
symbol engine: initialized successfully - sym options: 0x614 - pdb path: .;C:\Users\hp\.jdks\openjdk-21.0.2\bin;C:\Windows\SYSTEM32;C:\Windows\WinSxS\amd64_microsoft.windows.common-controls_6595b64144ccf1df_6.0.19041.3636_none_60b6a03d71f818d5;C:\Users\hp\.jdks\openjdk-21.0.2\bin\server;C:\Program Files\JetBrains\IntelliJ IDEA 2023.3.3\bin;C:\Users\hp\AppData\Local\Temp

VM Arguments:
jvm_args: -Dmaven.multiModuleProjectDirectory=E:\ecomerce-dell-poc -Djansi.passthrough=true -Dmaven.home=C:\Users\hp\.m2\wrapper\dists\apache-maven-3.9.6-bin\439sdfsg2nbdob9ciift5h5nse\apache-maven-3.9.6 -Dclassworlds.conf=C:\Users\hp\.m2\wrapper\dists\apache-maven-3.9.6-bin\439sdfsg2nbdob9ciift5h5nse\apache-maven-3.9.6\bin\m2.conf -javaagent:C:\Program Files\JetBrains\IntelliJ IDEA 2023.3.3\lib\idea_rt.jar=55636:C:\Program Files\JetBrains\IntelliJ IDEA 2023.3.3\bin -Dfile.encoding=UTF-8 -Dsun.stdout.encoding=UTF-8 -Dsun.stderr.encoding=UTF-8 
java_command: org.codehaus.classworlds.Launcher -Didea.version=2023.3.3 quarkus:dev
java_class_path (initial): C:\Users\hp\.m2\wrapper\dists\apache-maven-3.9.6-bin\439sdfsg2nbdob9ciift5h5nse\apache-maven-3.9.6\boot\plexus-classworlds-2.7.0.jar;C:\Users\hp\.m2\wrapper\dists\apache-maven-3.9.6-bin\439sdfsg2nbdob9ciift5h5nse\apache-maven-3.9.6\boot\plexus-classworlds.license
Launcher Type: SUN_STANDARD

[Global flags]
     intx CICompilerCount                          = 4                                         {product} {ergonomic}
     uint ConcGCThreads                            = 2                                         {product} {ergonomic}
     uint G1ConcRefinementThreads                  = 8                                         {product} {ergonomic}
   size_t G1HeapRegionSize                         = 1048576                                   {product} {ergonomic}
    uintx GCDrainStackTargetSize                   = 64                                        {product} {ergonomic}
   size_t InitialHeapSize                          = 134217728                                 {product} {ergonomic}
   size_t MarkStackSize                            = 4194304                                   {product} {ergonomic}
   size_t MaxHeapSize                              = 2126512128                                {product} {ergonomic}
   size_t MaxNewSize                               = 1275068416                                {product} {ergonomic}
   size_t MinHeapDeltaBytes                        = 1048576                                   {product} {ergonomic}
   size_t MinHeapSize                              = 8388608                                   {product} {ergonomic}
    uintx NonNMethodCodeHeapSize                   = 5839372                                {pd product} {ergonomic}
    uintx NonProfiledCodeHeapSize                  = 122909434                              {pd product} {ergonomic}
    uintx ProfiledCodeHeapSize                     = 122909434                              {pd product} {ergonomic}
    uintx ReservedCodeCacheSize                    = 251658240                              {pd product} {ergonomic}
     bool SegmentedCodeCache                       = true                                      {product} {ergonomic}
   size_t SoftMaxHeapSize                          = 2126512128                             {manageable} {ergonomic}
     bool UseCompressedOops                        = true                           {product lp64_product} {ergonomic}
     bool UseG1GC                                  = true                                      {product} {ergonomic}
     bool UseLargePagesIndividualAllocation        = false                                  {pd product} {ergonomic}

Logging:
Log output configuration:
 #0: stdout all=warning uptime,level,tags foldmultilines=false
 #1: stderr all=off uptime,level,tags foldmultilines=false

Environment Variables:
JAVA_HOME=C:\Program Files\Java\jdk-17\
PATH=C:\Program Files\Common Files\Oracle\Java\javapath;C:\Windows\system32;C:\Windows;C:\Windows\System32\Wbem;C:\Windows\System32\WindowsPowerShell\v1.0\;C:\Windows\System32\OpenSSH\;C:\Users\hp\Downloads\apache-maven-3.9.6\bin;C:\Program Files\Java\jdk-17\bin;C:\Program Files\Java\jdk-11\bin;C:\Program Files\nodejs\;C:\ProgramData\chocolatey\bin;C:\Program Files\RedHat\Podman\;E:\graalvm-jdk-21.0.2+13.1\bin;C:\Program Files\Git\cmd;C:\Program Files (x86)\GnuWin32\bin;;C:\Program Files\Docker\Docker\resources\bin;C:\Users\hp\AppData\Local\Programs\Python\Launcher\;C:\Users\hp\AppData\Local\Microsoft\WindowsApps;C:\Program Files\JetBrains\IntelliJ IDEA 2023.3.3\bin;;C:\Users\hp\Downloads\apache-maven-3.9.6\bin;C:\Program Files\Java\jdk-17\bin;C:\Program Files\Java\jdk-11\bin;C:\Users\hp\AppData\Roaming\npm;C:\Users\hp\AppData\Local\Programs\Microsoft VS Code\bin;C:\Program Files (x86)\GnuWin32\bin;
USERNAME=hp
OS=Windows_NT
PROCESSOR_IDENTIFIER=Intel64 Family 6 Model 142 Stepping 10, GenuineIntel
TMP=C:\Users\hp\AppData\Local\Temp
TEMP=C:\Users\hp\AppData\Local\Temp




Periodic native trim disabled

---------------  S Y S T E M  ---------------

OS:
 Windows 10 , 64 bit Build 19041 (10.0.19041.3636)
OS uptime: 4 days 16:03 hours
Hyper-V role detected

CPU: total 8 (initial active 8) (4 cores per cpu, 2 threads per core) family 6 model 142 stepping 10 microcode 0xb4, cx8, cmov, fxsr, ht, mmx, 3dnowpref, sse, sse2, sse3, ssse3, sse4.1, sse4.2, popcnt, lzcnt, tsc, tscinvbit, avx, avx2, aes, erms, clmul, bmi1, bmi2, adx, fma, vzeroupper, clflush, clflushopt, hv, rdtscp, f16c
Processor Information for all 8 processors :
  Max Mhz: 1801, Current Mhz: 1801, Mhz Limit: 1801

Memory: 4k page, system-wide physical 8108M (295M free)
TotalPageFile size 27225M (AvailPageFile size 65M)
current process WorkingSet (physical memory assigned to process): 293M, peak: 294M
current process commit charge ("private bytes"): 356M, peak: 476M

vm_info: OpenJDK 64-Bit Server VM (21.0.2+13-58) for windows-amd64 JRE (21.0.2+13-58), built on 2024-01-05T18:32:24Z by "mach5one" with MS VC++ 17.1 (VS2022)

END.
